{"/Users/stanleyhuang/Desktop/codesmith/CanvasQL/client/App.tsx": {"path":"/Users/stanleyhuang/Desktop/codesmith/CanvasQL/client/App.tsx","statementMap":{"0":{"start":{"line":12,"column":21},"end":{"line":22,"column":2}},"1":{"start":{"line":24,"column":22},"end":{"line":75,"column":1}},"2":{"start":{"line":25,"column":26},"end":{"line":25,"column":47}},"3":{"start":{"line":27,"column":20},"end":{"line":29,"column":3}},"4":{"start":{"line":28,"column":4},"end":{"line":28,"column":38}},"5":{"start":{"line":31,"column":27},"end":{"line":34,"column":8}},"6":{"start":{"line":32,"column":4},"end":{"line":33,"column":216}},"7":{"start":{"line":32,"column":22},"end":{"line":32,"column":315}},"8":{"start":{"line":33,"column":9},"end":{"line":33,"column":216}},"9":{"start":{"line":36,"column":21},"end":{"line":44,"column":3}},"10":{"start":{"line":37,"column":4},"end":{"line":43,"column":5}},"11":{"start":{"line":38,"column":25},"end":{"line":38,"column":42}},"12":{"start":{"line":39,"column":23},"end":{"line":39,"column":39}},"13":{"start":{"line":40,"column":24},"end":{"line":40,"column":38}},"14":{"start":{"line":41,"column":25},"end":{"line":41,"column":40}},"15":{"start":{"line":42,"column":6},"end":{"line":42,"column":87}},"16":{"start":{"line":46,"column":21},"end":{"line":54,"column":3}},"17":{"start":{"line":47,"column":4},"end":{"line":53,"column":5}},"18":{"start":{"line":51,"column":68},"end":{"line":51,"column":80}},"19":{"start":{"line":56,"column":2},"end":{"line":74,"column":4}},"20":{"start":{"line":78,"column":2},"end":{"line":82,"column":4}}},"fnMap":{"0":{"name":"(anonymous_0)","decl":{"start":{"line":24,"column":22},"end":{"line":24,"column":23}},"loc":{"start":{"line":24,"column":28},"end":{"line":75,"column":1}},"line":24},"1":{"name":"(anonymous_1)","decl":{"start":{"line":27,"column":20},"end":{"line":27,"column":21}},"loc":{"start":{"line":27,"column":26},"end":{"line":29,"column":3}},"line":27},"2":{"name":"(anonymous_2)","decl":{"start":{"line":31,"column":45},"end":{"line":31,"column":46}},"loc":{"start":{"line":31,"column":55},"end":{"line":34,"column":3}},"line":31},"3":{"name":"(anonymous_3)","decl":{"start":{"line":36,"column":21},"end":{"line":36,"column":22}},"loc":{"start":{"line":36,"column":27},"end":{"line":44,"column":3}},"line":36},"4":{"name":"(anonymous_4)","decl":{"start":{"line":46,"column":21},"end":{"line":46,"column":22}},"loc":{"start":{"line":46,"column":27},"end":{"line":54,"column":3}},"line":46},"5":{"name":"(anonymous_5)","decl":{"start":{"line":51,"column":64},"end":{"line":51,"column":65}},"loc":{"start":{"line":51,"column":68},"end":{"line":51,"column":80}},"line":51},"6":{"name":"Root","decl":{"start":{"line":77,"column":9},"end":{"line":77,"column":13}},"loc":{"start":{"line":77,"column":16},"end":{"line":83,"column":1}},"line":77}},"branchMap":{"0":{"loc":{"start":{"line":32,"column":4},"end":{"line":33,"column":216}},"type":"if","locations":[{"start":{"line":32,"column":4},"end":{"line":33,"column":216}},{"start":{"line":32,"column":4},"end":{"line":33,"column":216}}],"line":32},"1":{"loc":{"start":{"line":32,"column":175},"end":{"line":32,"column":228}},"type":"cond-expr","locations":[{"start":{"line":32,"column":204},"end":{"line":32,"column":220}},{"start":{"line":32,"column":223},"end":{"line":32,"column":228}}],"line":32},"2":{"loc":{"start":{"line":32,"column":256},"end":{"line":32,"column":312}},"type":"cond-expr","locations":[{"start":{"line":32,"column":287},"end":{"line":32,"column":304}},{"start":{"line":32,"column":307},"end":{"line":32,"column":312}}],"line":32},"3":{"loc":{"start":{"line":37,"column":4},"end":{"line":43,"column":5}},"type":"if","locations":[{"start":{"line":37,"column":4},"end":{"line":43,"column":5}},{"start":{"line":37,"column":4},"end":{"line":43,"column":5}}],"line":37},"4":{"loc":{"start":{"line":64,"column":13},"end":{"line":64,"column":46}},"type":"cond-expr","locations":[{"start":{"line":64,"column":27},"end":{"line":64,"column":39}},{"start":{"line":64,"column":42},"end":{"line":64,"column":46}}],"line":64},"5":{"loc":{"start":{"line":65,"column":13},"end":{"line":65,"column":84}},"type":"cond-expr","locations":[{"start":{"line":65,"column":27},"end":{"line":65,"column":77}},{"start":{"line":65,"column":80},"end":{"line":65,"column":84}}],"line":65}},"s":{"0":1,"1":1,"2":0,"3":0,"4":0,"5":0,"6":0,"7":0,"8":0,"9":0,"10":0,"11":0,"12":0,"13":0,"14":0,"15":0,"16":0,"17":0,"18":0,"19":0,"20":1},"f":{"0":0,"1":0,"2":0,"3":0,"4":0,"5":0,"6":1},"b":{"0":[0,0],"1":[0,0],"2":[0,0],"3":[0,0],"4":[0,0],"5":[0,0]},"_coverageSchema":"1a1c01bbd47fc00a2c39e90264f33305004495a9","hash":"3c8f1e0c3fb46cb94e0ad94aafb5585962385672"}
,"/Users/stanleyhuang/Desktop/codesmith/CanvasQL/client/components/Sidebar.tsx": {"path":"/Users/stanleyhuang/Desktop/codesmith/CanvasQL/client/components/Sidebar.tsx","statementMap":{"0":{"start":{"line":6,"column":26},"end":{"line":27,"column":1}},"1":{"start":{"line":7,"column":15},"end":{"line":7,"column":36}},"2":{"start":{"line":8,"column":19},"end":{"line":11,"column":3}},"3":{"start":{"line":9,"column":4},"end":{"line":9,"column":59}},"4":{"start":{"line":10,"column":4},"end":{"line":10,"column":59}},"5":{"start":{"line":13,"column":2},"end":{"line":26,"column":4}},"6":{"start":{"line":19,"column":77},"end":{"line":19,"column":119}}},"fnMap":{"0":{"name":"(anonymous_0)","decl":{"start":{"line":6,"column":26},"end":{"line":6,"column":27}},"loc":{"start":{"line":6,"column":32},"end":{"line":27,"column":1}},"line":6},"1":{"name":"(anonymous_1)","decl":{"start":{"line":8,"column":19},"end":{"line":8,"column":20}},"loc":{"start":{"line":8,"column":25},"end":{"line":11,"column":3}},"line":8},"2":{"name":"(anonymous_2)","decl":{"start":{"line":19,"column":71},"end":{"line":19,"column":72}},"loc":{"start":{"line":19,"column":77},"end":{"line":19,"column":119}},"line":19}},"branchMap":{},"s":{"0":1,"1":0,"2":0,"3":0,"4":0,"5":0,"6":0},"f":{"0":0,"1":0,"2":0},"b":{},"_coverageSchema":"1a1c01bbd47fc00a2c39e90264f33305004495a9","hash":"68357b3d08887adfbb164f50f07152a6a5bee12a"}
,"/Users/stanleyhuang/Desktop/codesmith/CanvasQL/client/components/codebox.tsx": {"path":"/Users/stanleyhuang/Desktop/codesmith/CanvasQL/client/components/codebox.tsx","statementMap":{"0":{"start":{"line":9,"column":26},"end":{"line":25,"column":1}},"1":{"start":{"line":10,"column":15},"end":{"line":10,"column":36}},"2":{"start":{"line":12,"column":2},"end":{"line":24,"column":4}}},"fnMap":{"0":{"name":"(anonymous_0)","decl":{"start":{"line":9,"column":26},"end":{"line":9,"column":27}},"loc":{"start":{"line":9,"column":32},"end":{"line":25,"column":1}},"line":9}},"branchMap":{},"s":{"0":1,"1":0,"2":0},"f":{"0":0},"b":{},"_coverageSchema":"1a1c01bbd47fc00a2c39e90264f33305004495a9","hash":"49b271d5078d51098f7fea93f4b74cc421c28c7e"}
,"/Users/stanleyhuang/Desktop/codesmith/CanvasQL/client/components/link-popup/Form.tsx": {"path":"/Users/stanleyhuang/Desktop/codesmith/CanvasQL/client/components/link-popup/Form.tsx","statementMap":{"0":{"start":{"line":3,"column":20},"end":{"line":33,"column":1}},"1":{"start":{"line":4,"column":2},"end":{"line":32,"column":4}},"2":{"start":{"line":22,"column":101},"end":{"line":22,"column":118}},"3":{"start":{"line":26,"column":101},"end":{"line":26,"column":115}}},"fnMap":{"0":{"name":"(anonymous_0)","decl":{"start":{"line":3,"column":20},"end":{"line":3,"column":21}},"loc":{"start":{"line":3,"column":67},"end":{"line":33,"column":1}},"line":3},"1":{"name":"(anonymous_1)","decl":{"start":{"line":22,"column":94},"end":{"line":22,"column":95}},"loc":{"start":{"line":22,"column":101},"end":{"line":22,"column":118}},"line":22},"2":{"name":"(anonymous_2)","decl":{"start":{"line":26,"column":94},"end":{"line":26,"column":95}},"loc":{"start":{"line":26,"column":101},"end":{"line":26,"column":115}},"line":26}},"branchMap":{},"s":{"0":1,"1":1,"2":1,"3":1},"f":{"0":1,"1":1,"2":1},"b":{},"_coverageSchema":"1a1c01bbd47fc00a2c39e90264f33305004495a9","hash":"da402d1843ec0a0b9ce94402160887e2bcb88d24"}
,"/Users/stanleyhuang/Desktop/codesmith/CanvasQL/client/components/link-popup/FormMySQL.tsx": {"path":"/Users/stanleyhuang/Desktop/codesmith/CanvasQL/client/components/link-popup/FormMySQL.tsx","statementMap":{"0":{"start":{"line":3,"column":25},"end":{"line":31,"column":1}},"1":{"start":{"line":4,"column":2},"end":{"line":30,"column":4}},"2":{"start":{"line":24,"column":101},"end":{"line":24,"column":115}}},"fnMap":{"0":{"name":"(anonymous_0)","decl":{"start":{"line":3,"column":25},"end":{"line":3,"column":26}},"loc":{"start":{"line":3,"column":61},"end":{"line":31,"column":1}},"line":3},"1":{"name":"(anonymous_1)","decl":{"start":{"line":24,"column":94},"end":{"line":24,"column":95}},"loc":{"start":{"line":24,"column":101},"end":{"line":24,"column":115}},"line":24}},"branchMap":{},"s":{"0":1,"1":0,"2":0},"f":{"0":0,"1":0},"b":{},"_coverageSchema":"1a1c01bbd47fc00a2c39e90264f33305004495a9","hash":"07c939af04a4f24eeaabad28d896291907b8915c"}
,"/Users/stanleyhuang/Desktop/codesmith/CanvasQL/client/components/link-popup/LinkContainer.tsx": {"path":"/Users/stanleyhuang/Desktop/codesmith/CanvasQL/client/components/link-popup/LinkContainer.tsx","statementMap":{"0":{"start":{"line":7,"column":32},"end":{"line":99,"column":1}},"1":{"start":{"line":8,"column":26},"end":{"line":8,"column":47}},"2":{"start":{"line":10,"column":2},"end":{"line":12,"column":13}},"3":{"start":{"line":11,"column":4},"end":{"line":11,"column":23}},"4":{"start":{"line":14,"column":24},"end":{"line":27,"column":3}},"5":{"start":{"line":15,"column":4},"end":{"line":26,"column":9}},"6":{"start":{"line":22,"column":26},"end":{"line":22,"column":41}},"7":{"start":{"line":25,"column":8},"end":{"line":25,"column":105}},"8":{"start":{"line":29,"column":19},"end":{"line":34,"column":3}},"9":{"start":{"line":30,"column":4},"end":{"line":30,"column":32}},"10":{"start":{"line":31,"column":4},"end":{"line":33,"column":5}},"11":{"start":{"line":32,"column":6},"end":{"line":32,"column":45}},"12":{"start":{"line":36,"column":27},"end":{"line":49,"column":3}},"13":{"start":{"line":37,"column":4},"end":{"line":48,"column":9}},"14":{"start":{"line":44,"column":26},"end":{"line":44,"column":41}},"15":{"start":{"line":47,"column":8},"end":{"line":47,"column":94}},"16":{"start":{"line":51,"column":24},"end":{"line":58,"column":3}},"17":{"start":{"line":52,"column":4},"end":{"line":52,"column":32}},"18":{"start":{"line":53,"column":47},"end":{"line":53,"column":59}},"19":{"start":{"line":57,"column":4},"end":{"line":57,"column":77}},"20":{"start":{"line":60,"column":25},"end":{"line":82,"column":3}},"21":{"start":{"line":61,"column":4},"end":{"line":61,"column":32}},"22":{"start":{"line":62,"column":4},"end":{"line":81,"column":9}},"23":{"start":{"line":71,"column":26},"end":{"line":71,"column":41}},"24":{"start":{"line":74,"column":8},"end":{"line":80,"column":11}},"25":{"start":{"line":84,"column":21},"end":{"line":86,"column":3}},"26":{"start":{"line":85,"column":4},"end":{"line":85,"column":39}},"27":{"start":{"line":88,"column":27},"end":{"line":90,"column":3}},"28":{"start":{"line":89,"column":4},"end":{"line":89,"column":67}},"29":{"start":{"line":92,"column":2},"end":{"line":98,"column":4}}},"fnMap":{"0":{"name":"(anonymous_0)","decl":{"start":{"line":7,"column":32},"end":{"line":7,"column":33}},"loc":{"start":{"line":7,"column":38},"end":{"line":99,"column":1}},"line":7},"1":{"name":"(anonymous_1)","decl":{"start":{"line":10,"column":12},"end":{"line":10,"column":13}},"loc":{"start":{"line":10,"column":18},"end":{"line":12,"column":3}},"line":10},"2":{"name":"(anonymous_2)","decl":{"start":{"line":14,"column":24},"end":{"line":14,"column":25}},"loc":{"start":{"line":14,"column":34},"end":{"line":27,"column":3}},"line":14},"3":{"name":"(anonymous_3)","decl":{"start":{"line":22,"column":12},"end":{"line":22,"column":13}},"loc":{"start":{"line":22,"column":26},"end":{"line":22,"column":41}},"line":22},"4":{"name":"(anonymous_4)","decl":{"start":{"line":23,"column":12},"end":{"line":23,"column":13}},"loc":{"start":{"line":23,"column":26},"end":{"line":26,"column":7}},"line":23},"5":{"name":"(anonymous_5)","decl":{"start":{"line":29,"column":19},"end":{"line":29,"column":20}},"loc":{"start":{"line":29,"column":36},"end":{"line":34,"column":3}},"line":29},"6":{"name":"(anonymous_6)","decl":{"start":{"line":36,"column":27},"end":{"line":36,"column":28}},"loc":{"start":{"line":36,"column":63},"end":{"line":49,"column":3}},"line":36},"7":{"name":"(anonymous_7)","decl":{"start":{"line":44,"column":12},"end":{"line":44,"column":13}},"loc":{"start":{"line":44,"column":26},"end":{"line":44,"column":41}},"line":44},"8":{"name":"(anonymous_8)","decl":{"start":{"line":45,"column":12},"end":{"line":45,"column":13}},"loc":{"start":{"line":45,"column":26},"end":{"line":48,"column":7}},"line":45},"9":{"name":"(anonymous_9)","decl":{"start":{"line":51,"column":24},"end":{"line":51,"column":25}},"loc":{"start":{"line":51,"column":41},"end":{"line":58,"column":3}},"line":51},"10":{"name":"(anonymous_10)","decl":{"start":{"line":60,"column":25},"end":{"line":60,"column":26}},"loc":{"start":{"line":60,"column":42},"end":{"line":82,"column":3}},"line":60},"11":{"name":"(anonymous_11)","decl":{"start":{"line":71,"column":12},"end":{"line":71,"column":13}},"loc":{"start":{"line":71,"column":26},"end":{"line":71,"column":41}},"line":71},"12":{"name":"(anonymous_12)","decl":{"start":{"line":72,"column":12},"end":{"line":72,"column":13}},"loc":{"start":{"line":72,"column":26},"end":{"line":81,"column":7}},"line":72},"13":{"name":"(anonymous_13)","decl":{"start":{"line":84,"column":21},"end":{"line":84,"column":22}},"loc":{"start":{"line":84,"column":27},"end":{"line":86,"column":3}},"line":84},"14":{"name":"(anonymous_14)","decl":{"start":{"line":88,"column":27},"end":{"line":88,"column":28}},"loc":{"start":{"line":88,"column":33},"end":{"line":90,"column":3}},"line":88}},"branchMap":{"0":{"loc":{"start":{"line":31,"column":4},"end":{"line":33,"column":5}},"type":"if","locations":[{"start":{"line":31,"column":4},"end":{"line":33,"column":5}},{"start":{"line":31,"column":4},"end":{"line":33,"column":5}}],"line":31},"1":{"loc":{"start":{"line":94,"column":7},"end":{"line":96,"column":14}},"type":"cond-expr","locations":[{"start":{"line":95,"column":8},"end":{"line":95,"column":123}},{"start":{"line":96,"column":10},"end":{"line":96,"column":14}}],"line":94}},"s":{"0":1,"1":0,"2":0,"3":0,"4":0,"5":0,"6":0,"7":0,"8":0,"9":0,"10":0,"11":0,"12":0,"13":0,"14":0,"15":0,"16":0,"17":0,"18":0,"19":0,"20":0,"21":0,"22":0,"23":0,"24":0,"25":0,"26":0,"27":0,"28":0,"29":0},"f":{"0":0,"1":0,"2":0,"3":0,"4":0,"5":0,"6":0,"7":0,"8":0,"9":0,"10":0,"11":0,"12":0,"13":0,"14":0},"b":{"0":[0,0],"1":[0,0]},"_coverageSchema":"1a1c01bbd47fc00a2c39e90264f33305004495a9","hash":"67bd65908718cfe13d38f3e970e7b0cd8c44845f"}
,"/Users/stanleyhuang/Desktop/codesmith/CanvasQL/client/components/link-popup/Modal.tsx": {"path":"/Users/stanleyhuang/Desktop/codesmith/CanvasQL/client/components/link-popup/Modal.tsx","statementMap":{"0":{"start":{"line":7,"column":31},"end":{"line":51,"column":1}},"1":{"start":{"line":8,"column":38},"end":{"line":8,"column":58}},"2":{"start":{"line":10,"column":22},"end":{"line":12,"column":3}},"3":{"start":{"line":11,"column":4},"end":{"line":11,"column":87}},"4":{"start":{"line":14,"column":2},"end":{"line":50,"column":3}},"5":{"start":{"line":15,"column":4},"end":{"line":31,"column":6}},"6":{"start":{"line":33,"column":4},"end":{"line":49,"column":6}}},"fnMap":{"0":{"name":"(anonymous_0)","decl":{"start":{"line":7,"column":31},"end":{"line":7,"column":32}},"loc":{"start":{"line":7,"column":92},"end":{"line":51,"column":1}},"line":7},"1":{"name":"(anonymous_1)","decl":{"start":{"line":10,"column":22},"end":{"line":10,"column":23}},"loc":{"start":{"line":10,"column":28},"end":{"line":12,"column":3}},"line":10}},"branchMap":{"0":{"loc":{"start":{"line":11,"column":11},"end":{"line":11,"column":86}},"type":"cond-expr","locations":[{"start":{"line":11,"column":36},"end":{"line":11,"column":61}},{"start":{"line":11,"column":64},"end":{"line":11,"column":86}}],"line":11},"1":{"loc":{"start":{"line":14,"column":2},"end":{"line":50,"column":3}},"type":"if","locations":[{"start":{"line":14,"column":2},"end":{"line":50,"column":3}},{"start":{"line":14,"column":2},"end":{"line":50,"column":3}}],"line":14}},"s":{"0":1,"1":1,"2":1,"3":0,"4":1,"5":1,"6":0},"f":{"0":1,"1":0},"b":{"0":[0,0],"1":[1,0]},"_coverageSchema":"1a1c01bbd47fc00a2c39e90264f33305004495a9","hash":"ddeb8a411609d63e5fc4d17daa7fffc0bd05e8c3"}
,"/Users/stanleyhuang/Desktop/codesmith/CanvasQL/client/components/nav-bars/Footer.tsx": {"path":"/Users/stanleyhuang/Desktop/codesmith/CanvasQL/client/components/nav-bars/Footer.tsx","statementMap":{"0":{"start":{"line":13,"column":34},"end":{"line":26,"column":1}},"1":{"start":{"line":14,"column":26},"end":{"line":14,"column":43}},"2":{"start":{"line":15,"column":23},"end":{"line":15,"column":41}},"3":{"start":{"line":17,"column":22},"end":{"line":21,"column":3}},"4":{"start":{"line":23,"column":2},"end":{"line":25,"column":39}},"5":{"start":{"line":24,"column":24},"end":{"line":24,"column":39}},"6":{"start":{"line":25,"column":20},"end":{"line":25,"column":37}},"7":{"start":{"line":28,"column":25},"end":{"line":66,"column":1}},"8":{"start":{"line":29,"column":15},"end":{"line":29,"column":36}},"9":{"start":{"line":31,"column":30},"end":{"line":42,"column":3}},"10":{"start":{"line":32,"column":4},"end":{"line":32,"column":27}},"11":{"start":{"line":33,"column":16},"end":{"line":33,"column":27}},"12":{"start":{"line":35,"column":4},"end":{"line":35,"column":67}},"13":{"start":{"line":36,"column":4},"end":{"line":36,"column":59}},"14":{"start":{"line":37,"column":4},"end":{"line":37,"column":70}},"15":{"start":{"line":38,"column":4},"end":{"line":38,"column":74}},"16":{"start":{"line":39,"column":4},"end":{"line":41,"column":7}},"17":{"start":{"line":40,"column":6},"end":{"line":40,"column":48}},"18":{"start":{"line":44,"column":2},"end":{"line":65,"column":4}},"19":{"start":{"line":54,"column":29},"end":{"line":54,"column":71}},"20":{"start":{"line":58,"column":62},"end":{"line":58,"column":84}}},"fnMap":{"0":{"name":"(anonymous_0)","decl":{"start":{"line":13,"column":34},"end":{"line":13,"column":35}},"loc":{"start":{"line":13,"column":68},"end":{"line":26,"column":1}},"line":13},"1":{"name":"(anonymous_1)","decl":{"start":{"line":24,"column":10},"end":{"line":24,"column":11}},"loc":{"start":{"line":24,"column":24},"end":{"line":24,"column":39}},"line":24},"2":{"name":"(anonymous_2)","decl":{"start":{"line":25,"column":10},"end":{"line":25,"column":11}},"loc":{"start":{"line":25,"column":20},"end":{"line":25,"column":37}},"line":25},"3":{"name":"(anonymous_3)","decl":{"start":{"line":28,"column":25},"end":{"line":28,"column":26}},"loc":{"start":{"line":28,"column":31},"end":{"line":66,"column":1}},"line":28},"4":{"name":"(anonymous_4)","decl":{"start":{"line":31,"column":30},"end":{"line":31,"column":31}},"loc":{"start":{"line":31,"column":90},"end":{"line":42,"column":3}},"line":31},"5":{"name":"(anonymous_5)","decl":{"start":{"line":39,"column":45},"end":{"line":39,"column":46}},"loc":{"start":{"line":39,"column":69},"end":{"line":41,"column":5}},"line":39},"6":{"name":"(anonymous_6)","decl":{"start":{"line":54,"column":23},"end":{"line":54,"column":24}},"loc":{"start":{"line":54,"column":29},"end":{"line":54,"column":71}},"line":54},"7":{"name":"(anonymous_7)","decl":{"start":{"line":58,"column":55},"end":{"line":58,"column":56}},"loc":{"start":{"line":58,"column":62},"end":{"line":58,"column":84}},"line":58}},"branchMap":{},"s":{"0":1,"1":0,"2":0,"3":0,"4":0,"5":0,"6":0,"7":1,"8":0,"9":0,"10":0,"11":0,"12":0,"13":0,"14":0,"15":0,"16":0,"17":0,"18":0,"19":0,"20":0},"f":{"0":0,"1":0,"2":0,"3":0,"4":0,"5":0,"6":0,"7":0},"b":{},"_coverageSchema":"1a1c01bbd47fc00a2c39e90264f33305004495a9","hash":"ac6081a679ee436fd0c9ea70af3381c40ed119c7"}
,"/Users/stanleyhuang/Desktop/codesmith/CanvasQL/client/components/nav-bars/TopNav.tsx": {"path":"/Users/stanleyhuang/Desktop/codesmith/CanvasQL/client/components/nav-bars/TopNav.tsx","statementMap":{"0":{"start":{"line":6,"column":25},"end":{"line":34,"column":1}},"1":{"start":{"line":8,"column":4},"end":{"line":8,"column":63}},"2":{"start":{"line":9,"column":4},"end":{"line":9,"column":63}},"3":{"start":{"line":12,"column":2},"end":{"line":33,"column":4}}},"fnMap":{"0":{"name":"(anonymous_0)","decl":{"start":{"line":6,"column":25},"end":{"line":6,"column":26}},"loc":{"start":{"line":6,"column":44},"end":{"line":34,"column":1}},"line":6},"1":{"name":"openNav","decl":{"start":{"line":7,"column":11},"end":{"line":7,"column":18}},"loc":{"start":{"line":7,"column":21},"end":{"line":10,"column":3}},"line":7}},"branchMap":{},"s":{"0":1,"1":0,"2":0,"3":0},"f":{"0":0,"1":0},"b":{},"_coverageSchema":"1a1c01bbd47fc00a2c39e90264f33305004495a9","hash":"6ce8f0d5cf857f068f0c7b99428da78cdb0da7ea"}
,"/Users/stanleyhuang/Desktop/codesmith/CanvasQL/client/downloadHelperFunctions/connectToDB.js": {"path":"/Users/stanleyhuang/Desktop/codesmith/CanvasQL/client/downloadHelperFunctions/connectToDB.js","statementMap":{"0":{"start":{"line":2,"column":23},"end":{"line":15,"column":3}},"1":{"start":{"line":16,"column":2},"end":{"line":16,"column":22}},"2":{"start":{"line":19,"column":0},"end":{"line":21,"column":2}}},"fnMap":{"0":{"name":"connectToDB","decl":{"start":{"line":1,"column":9},"end":{"line":1,"column":20}},"loc":{"start":{"line":1,"column":26},"end":{"line":17,"column":1}},"line":1}},"branchMap":{},"s":{"0":0,"1":0,"2":1},"f":{"0":0},"b":{},"_coverageSchema":"1a1c01bbd47fc00a2c39e90264f33305004495a9","hash":"adccc8df9ee086f805088be8569c5989dd933f52"}
,"/Users/stanleyhuang/Desktop/codesmith/CanvasQL/client/downloadHelperFunctions/packagejsonFile.js": {"path":"/Users/stanleyhuang/Desktop/codesmith/CanvasQL/client/downloadHelperFunctions/packagejsonFile.js","statementMap":{"0":{"start":{"line":2,"column":29},"end":{"line":26,"column":5}},"1":{"start":{"line":27,"column":2},"end":{"line":27,"column":28}},"2":{"start":{"line":30,"column":0},"end":{"line":32,"column":2}}},"fnMap":{"0":{"name":"packagejsonFile","decl":{"start":{"line":1,"column":9},"end":{"line":1,"column":24}},"loc":{"start":{"line":1,"column":27},"end":{"line":28,"column":1}},"line":1}},"branchMap":{},"s":{"0":0,"1":0,"2":1},"f":{"0":0},"b":{},"_coverageSchema":"1a1c01bbd47fc00a2c39e90264f33305004495a9","hash":"83062034c2a7cbf6428430f8c3bc8dc1a9289578"}
,"/Users/stanleyhuang/Desktop/codesmith/CanvasQL/client/downloadHelperFunctions/schemaFile.js": {"path":"/Users/stanleyhuang/Desktop/codesmith/CanvasQL/client/downloadHelperFunctions/schemaFile.js","statementMap":{"0":{"start":{"line":2,"column":22},"end":{"line":3,"column":50}},"1":{"start":{"line":5,"column":2},"end":{"line":5,"column":21}},"2":{"start":{"line":8,"column":0},"end":{"line":10,"column":2}}},"fnMap":{"0":{"name":"schemaFile","decl":{"start":{"line":1,"column":9},"end":{"line":1,"column":19}},"loc":{"start":{"line":1,"column":28},"end":{"line":6,"column":1}},"line":1}},"branchMap":{},"s":{"0":0,"1":0,"2":1},"f":{"0":0},"b":{},"_coverageSchema":"1a1c01bbd47fc00a2c39e90264f33305004495a9","hash":"fe5aa08d0d01575be1d8f3b7e126bdfec261f307"}
,"/Users/stanleyhuang/Desktop/codesmith/CanvasQL/client/downloadHelperFunctions/serverFile.js": {"path":"/Users/stanleyhuang/Desktop/codesmith/CanvasQL/client/downloadHelperFunctions/serverFile.js","statementMap":{"0":{"start":{"line":2,"column":21},"end":{"line":22,"column":4}},"1":{"start":{"line":24,"column":2},"end":{"line":24,"column":20}},"2":{"start":{"line":27,"column":0},"end":{"line":29,"column":2}}},"fnMap":{"0":{"name":"serverFile","decl":{"start":{"line":1,"column":9},"end":{"line":1,"column":19}},"loc":{"start":{"line":1,"column":22},"end":{"line":25,"column":1}},"line":1}},"branchMap":{},"s":{"0":0,"1":0,"2":1},"f":{"0":0},"b":{},"_coverageSchema":"1a1c01bbd47fc00a2c39e90264f33305004495a9","hash":"b9fe4f4aec9bbb38faabf72c5b9431d04115bf02"}
,"/Users/stanleyhuang/Desktop/codesmith/CanvasQL/client/forceGraph/ForceGraph.jsx": {"path":"/Users/stanleyhuang/Desktop/codesmith/CanvasQL/client/forceGraph/ForceGraph.jsx","statementMap":{"0":{"start":{"line":13,"column":23},"end":{"line":13,"column":35}},"1":{"start":{"line":14,"column":26},"end":{"line":14,"column":47}},"2":{"start":{"line":17,"column":22},"end":{"line":17,"column":24}},"3":{"start":{"line":18,"column":34},"end":{"line":28,"column":5}},"4":{"start":{"line":20,"column":6},"end":{"line":20,"column":43}},"5":{"start":{"line":20,"column":30},"end":{"line":20,"column":43}},"6":{"start":{"line":21,"column":6},"end":{"line":26,"column":7}},"7":{"start":{"line":23,"column":8},"end":{"line":25,"column":9}},"8":{"start":{"line":24,"column":10},"end":{"line":24,"column":84}},"9":{"start":{"line":24,"column":72},"end":{"line":24,"column":84}},"10":{"start":{"line":27,"column":6},"end":{"line":27,"column":19}},"11":{"start":{"line":29,"column":4},"end":{"line":49,"column":5}},"12":{"start":{"line":30,"column":6},"end":{"line":48,"column":7}},"13":{"start":{"line":31,"column":8},"end":{"line":31,"column":34}},"14":{"start":{"line":32,"column":8},"end":{"line":32,"column":74}},"15":{"start":{"line":33,"column":8},"end":{"line":33,"column":68}},"16":{"start":{"line":34,"column":22},"end":{"line":34,"column":24}},"17":{"start":{"line":35,"column":8},"end":{"line":39,"column":9}},"18":{"start":{"line":36,"column":10},"end":{"line":38,"column":11}},"19":{"start":{"line":37,"column":12},"end":{"line":37,"column":63}},"20":{"start":{"line":40,"column":8},"end":{"line":40,"column":49}},"21":{"start":{"line":41,"column":25},"end":{"line":41,"column":27}},"22":{"start":{"line":42,"column":8},"end":{"line":46,"column":9}},"23":{"start":{"line":43,"column":10},"end":{"line":45,"column":11}},"24":{"start":{"line":44,"column":12},"end":{"line":44,"column":89}},"25":{"start":{"line":47,"column":8},"end":{"line":47,"column":53}},"26":{"start":{"line":50,"column":22},"end":{"line":50,"column":47}},"27":{"start":{"line":51,"column":20},"end":{"line":51,"column":80}},"28":{"start":{"line":52,"column":4},"end":{"line":52,"column":93}},"29":{"start":{"line":56,"column":22},"end":{"line":56,"column":24}},"30":{"start":{"line":57,"column":24},"end":{"line":57,"column":28}},"31":{"start":{"line":58,"column":4},"end":{"line":60,"column":5}},"32":{"start":{"line":59,"column":6},"end":{"line":59,"column":88}},"33":{"start":{"line":62,"column":4},"end":{"line":97,"column":5}},"34":{"start":{"line":63,"column":6},"end":{"line":96,"column":7}},"35":{"start":{"line":64,"column":27},"end":{"line":64,"column":29}},"36":{"start":{"line":65,"column":8},"end":{"line":69,"column":9}},"37":{"start":{"line":66,"column":10},"end":{"line":68,"column":11}},"38":{"start":{"line":67,"column":12},"end":{"line":67,"column":73}},"39":{"start":{"line":71,"column":8},"end":{"line":83,"column":9}},"40":{"start":{"line":73,"column":33},"end":{"line":73,"column":35}},"41":{"start":{"line":74,"column":10},"end":{"line":78,"column":11}},"42":{"start":{"line":75,"column":12},"end":{"line":77,"column":13}},"43":{"start":{"line":76,"column":14},"end":{"line":76,"column":83}},"44":{"start":{"line":79,"column":10},"end":{"line":79,"column":111}},"45":{"start":{"line":82,"column":10},"end":{"line":82,"column":82}},"46":{"start":{"line":84,"column":13},"end":{"line":96,"column":7}},"47":{"start":{"line":86,"column":25},"end":{"line":86,"column":27}},"48":{"start":{"line":87,"column":8},"end":{"line":91,"column":9}},"49":{"start":{"line":88,"column":10},"end":{"line":90,"column":11}},"50":{"start":{"line":89,"column":12},"end":{"line":89,"column":85}},"51":{"start":{"line":92,"column":8},"end":{"line":92,"column":91}},"52":{"start":{"line":95,"column":8},"end":{"line":95,"column":52}},"53":{"start":{"line":99,"column":22},"end":{"line":99,"column":47}},"54":{"start":{"line":100,"column":20},"end":{"line":100,"column":80}},"55":{"start":{"line":101,"column":4},"end":{"line":101,"column":93}},"56":{"start":{"line":105,"column":2},"end":{"line":117,"column":20}},"57":{"start":{"line":106,"column":4},"end":{"line":116,"column":5}},"58":{"start":{"line":107,"column":29},"end":{"line":107,"column":53}},"59":{"start":{"line":108,"column":28},"end":{"line":108,"column":32}},"60":{"start":{"line":110,"column":36},"end":{"line":110,"column":71}},"61":{"start":{"line":111,"column":6},"end":{"line":114,"column":7}},"62":{"start":{"line":113,"column":8},"end":{"line":113,"column":49}},"63":{"start":{"line":115,"column":6},"end":{"line":115,"column":79}},"64":{"start":{"line":120,"column":80},"end":{"line":120,"column":86}},"65":{"start":{"line":123,"column":26},"end":{"line":123,"column":59}},"66":{"start":{"line":124,"column":23},"end":{"line":124,"column":36}},"67":{"start":{"line":125,"column":22},"end":{"line":125,"column":35}},"68":{"start":{"line":127,"column":23},"end":{"line":127,"column":26}},"69":{"start":{"line":128,"column":24},"end":{"line":128,"column":27}},"70":{"start":{"line":129,"column":29},"end":{"line":129,"column":31}},"71":{"start":{"line":132,"column":17},"end":{"line":174,"column":5}},"72":{"start":{"line":133,"column":24},"end":{"line":140,"column":7}},"73":{"start":{"line":137,"column":8},"end":{"line":137,"column":65}},"74":{"start":{"line":137,"column":27},"end":{"line":137,"column":65}},"75":{"start":{"line":138,"column":8},"end":{"line":138,"column":19}},"76":{"start":{"line":139,"column":8},"end":{"line":139,"column":19}},"77":{"start":{"line":142,"column":23},"end":{"line":145,"column":7}},"78":{"start":{"line":143,"column":8},"end":{"line":143,"column":23}},"79":{"start":{"line":144,"column":8},"end":{"line":144,"column":23}},"80":{"start":{"line":147,"column":22},"end":{"line":171,"column":7}},"81":{"start":{"line":148,"column":8},"end":{"line":148,"column":53}},"82":{"start":{"line":148,"column":27},"end":{"line":148,"column":53}},"83":{"start":{"line":150,"column":8},"end":{"line":150,"column":23}},"84":{"start":{"line":151,"column":8},"end":{"line":151,"column":23}},"85":{"start":{"line":158,"column":8},"end":{"line":170,"column":9}},"86":{"start":{"line":164,"column":10},"end":{"line":169,"column":11}},"87":{"start":{"line":165,"column":12},"end":{"line":165,"column":63}},"88":{"start":{"line":166,"column":12},"end":{"line":166,"column":64}},"89":{"start":{"line":168,"column":12},"end":{"line":168,"column":113}},"90":{"start":{"line":173,"column":6},"end":{"line":173,"column":86}},"91":{"start":{"line":177,"column":20},"end":{"line":177,"column":60}},"92":{"start":{"line":178,"column":4},"end":{"line":184,"column":5}},"93":{"start":{"line":179,"column":25},"end":{"line":179,"column":54}},"94":{"start":{"line":180,"column":6},"end":{"line":180,"column":47}},"95":{"start":{"line":181,"column":6},"end":{"line":181,"column":37}},"96":{"start":{"line":182,"column":6},"end":{"line":182,"column":38}},"97":{"start":{"line":183,"column":6},"end":{"line":183,"column":44}},"98":{"start":{"line":185,"column":16},"end":{"line":185,"column":43}},"99":{"start":{"line":187,"column":23},"end":{"line":193,"column":5}},"100":{"start":{"line":188,"column":6},"end":{"line":188,"column":59}},"101":{"start":{"line":189,"column":6},"end":{"line":192,"column":37}},"102":{"start":{"line":195,"column":26},"end":{"line":197,"column":5}},"103":{"start":{"line":196,"column":6},"end":{"line":196,"column":57}},"104":{"start":{"line":199,"column":21},"end":{"line":199,"column":51}},"105":{"start":{"line":203,"column":21},"end":{"line":203,"column":29}},"106":{"start":{"line":204,"column":21},"end":{"line":204,"column":56}},"107":{"start":{"line":206,"column":23},"end":{"line":228,"column":30}},"108":{"start":{"line":212,"column":21},"end":{"line":212,"column":25}},"109":{"start":{"line":221,"column":21},"end":{"line":221,"column":25}},"110":{"start":{"line":223,"column":28},"end":{"line":223,"column":45}},"111":{"start":{"line":230,"column":16},"end":{"line":238,"column":7}},"112":{"start":{"line":236,"column":10},"end":{"line":236,"column":49}},"113":{"start":{"line":240,"column":23},"end":{"line":249,"column":7}},"114":{"start":{"line":252,"column":17},"end":{"line":259,"column":19}},"115":{"start":{"line":261,"column":20},"end":{"line":269,"column":19}},"116":{"start":{"line":275,"column":4},"end":{"line":292,"column":31}},"117":{"start":{"line":295,"column":17},"end":{"line":304,"column":38}},"118":{"start":{"line":301,"column":31},"end":{"line":301,"column":75}},"119":{"start":{"line":307,"column":17},"end":{"line":317,"column":29}},"120":{"start":{"line":315,"column":25},"end":{"line":315,"column":44}},"121":{"start":{"line":316,"column":28},"end":{"line":316,"column":87}},"122":{"start":{"line":319,"column":18},"end":{"line":337,"column":29}},"123":{"start":{"line":327,"column":29},"end":{"line":327,"column":71}},"124":{"start":{"line":329,"column":8},"end":{"line":335,"column":18}},"125":{"start":{"line":339,"column":4},"end":{"line":341,"column":45}},"126":{"start":{"line":340,"column":37},"end":{"line":340,"column":94}},"127":{"start":{"line":341,"column":28},"end":{"line":341,"column":43}},"128":{"start":{"line":343,"column":4},"end":{"line":371,"column":7}},"129":{"start":{"line":345,"column":6},"end":{"line":349,"column":39}},"130":{"start":{"line":346,"column":27},"end":{"line":346,"column":37}},"131":{"start":{"line":347,"column":27},"end":{"line":347,"column":37}},"132":{"start":{"line":348,"column":27},"end":{"line":348,"column":37}},"133":{"start":{"line":349,"column":27},"end":{"line":349,"column":37}},"134":{"start":{"line":351,"column":6},"end":{"line":355,"column":39}},"135":{"start":{"line":352,"column":27},"end":{"line":352,"column":37}},"136":{"start":{"line":353,"column":27},"end":{"line":353,"column":37}},"137":{"start":{"line":354,"column":27},"end":{"line":354,"column":37}},"138":{"start":{"line":355,"column":27},"end":{"line":355,"column":37}},"139":{"start":{"line":358,"column":6},"end":{"line":358,"column":57}},"140":{"start":{"line":358,"column":29},"end":{"line":358,"column":32}},"141":{"start":{"line":358,"column":52},"end":{"line":358,"column":55}},"142":{"start":{"line":360,"column":6},"end":{"line":360,"column":56}},"143":{"start":{"line":360,"column":29},"end":{"line":360,"column":32}},"144":{"start":{"line":360,"column":51},"end":{"line":360,"column":54}},"145":{"start":{"line":363,"column":6},"end":{"line":370,"column":9}},"146":{"start":{"line":364,"column":19},"end":{"line":364,"column":42}},"147":{"start":{"line":365,"column":19},"end":{"line":365,"column":42}},"148":{"start":{"line":366,"column":19},"end":{"line":366,"column":47}},"149":{"start":{"line":367,"column":8},"end":{"line":367,"column":92}},"150":{"start":{"line":375,"column":2},"end":{"line":375,"column":65}}},"fnMap":{"0":{"name":"ForceGraph","decl":{"start":{"line":11,"column":9},"end":{"line":11,"column":19}},"loc":{"start":{"line":11,"column":42},"end":{"line":376,"column":1}},"line":11},"1":{"name":"handleDeleteTables","decl":{"start":{"line":16,"column":11},"end":{"line":16,"column":29}},"loc":{"start":{"line":16,"column":57},"end":{"line":53,"column":3}},"line":16},"2":{"name":"(anonymous_2)","decl":{"start":{"line":18,"column":34},"end":{"line":18,"column":35}},"loc":{"start":{"line":18,"column":61},"end":{"line":28,"column":5}},"line":18},"3":{"name":"handleDeleteColumns","decl":{"start":{"line":55,"column":11},"end":{"line":55,"column":30}},"loc":{"start":{"line":55,"column":91},"end":{"line":102,"column":3}},"line":55},"4":{"name":"(anonymous_4)","decl":{"start":{"line":105,"column":12},"end":{"line":105,"column":13}},"loc":{"start":{"line":105,"column":18},"end":{"line":117,"column":3}},"line":105},"5":{"name":"runForceGraph","decl":{"start":{"line":119,"column":11},"end":{"line":119,"column":24}},"loc":{"start":{"line":119,"column":71},"end":{"line":372,"column":3}},"line":119},"6":{"name":"(anonymous_6)","decl":{"start":{"line":132,"column":17},"end":{"line":132,"column":18}},"loc":{"start":{"line":132,"column":33},"end":{"line":174,"column":5}},"line":132},"7":{"name":"(anonymous_7)","decl":{"start":{"line":133,"column":24},"end":{"line":133,"column":25}},"loc":{"start":{"line":133,"column":38},"end":{"line":140,"column":7}},"line":133},"8":{"name":"(anonymous_8)","decl":{"start":{"line":142,"column":23},"end":{"line":142,"column":24}},"loc":{"start":{"line":142,"column":37},"end":{"line":145,"column":7}},"line":142},"9":{"name":"(anonymous_9)","decl":{"start":{"line":147,"column":22},"end":{"line":147,"column":23}},"loc":{"start":{"line":147,"column":36},"end":{"line":171,"column":7}},"line":147},"10":{"name":"(anonymous_10)","decl":{"start":{"line":187,"column":23},"end":{"line":187,"column":24}},"loc":{"start":{"line":187,"column":50},"end":{"line":193,"column":5}},"line":187},"11":{"name":"(anonymous_11)","decl":{"start":{"line":195,"column":26},"end":{"line":195,"column":27}},"loc":{"start":{"line":195,"column":32},"end":{"line":197,"column":5}},"line":195},"12":{"name":"(anonymous_12)","decl":{"start":{"line":212,"column":14},"end":{"line":212,"column":15}},"loc":{"start":{"line":212,"column":21},"end":{"line":212,"column":25}},"line":212},"13":{"name":"(anonymous_13)","decl":{"start":{"line":221,"column":14},"end":{"line":221,"column":15}},"loc":{"start":{"line":221,"column":21},"end":{"line":221,"column":25}},"line":221},"14":{"name":"(anonymous_14)","decl":{"start":{"line":223,"column":20},"end":{"line":223,"column":21}},"loc":{"start":{"line":223,"column":28},"end":{"line":223,"column":45}},"line":223},"15":{"name":"(anonymous_15)","decl":{"start":{"line":235,"column":29},"end":{"line":235,"column":30}},"loc":{"start":{"line":235,"column":49},"end":{"line":237,"column":9}},"line":235},"16":{"name":"(anonymous_16)","decl":{"start":{"line":301,"column":23},"end":{"line":301,"column":24}},"loc":{"start":{"line":301,"column":31},"end":{"line":301,"column":75}},"line":301},"17":{"name":"(anonymous_17)","decl":{"start":{"line":315,"column":17},"end":{"line":315,"column":18}},"loc":{"start":{"line":315,"column":25},"end":{"line":315,"column":44}},"line":315},"18":{"name":"(anonymous_18)","decl":{"start":{"line":316,"column":20},"end":{"line":316,"column":21}},"loc":{"start":{"line":316,"column":28},"end":{"line":316,"column":87}},"line":316},"19":{"name":"(anonymous_19)","decl":{"start":{"line":327,"column":21},"end":{"line":327,"column":22}},"loc":{"start":{"line":327,"column":29},"end":{"line":327,"column":71}},"line":327},"20":{"name":"(anonymous_20)","decl":{"start":{"line":328,"column":12},"end":{"line":328,"column":13}},"loc":{"start":{"line":329,"column":8},"end":{"line":335,"column":18}},"line":329},"21":{"name":"(anonymous_21)","decl":{"start":{"line":340,"column":23},"end":{"line":340,"column":24}},"loc":{"start":{"line":340,"column":37},"end":{"line":340,"column":94}},"line":340},"22":{"name":"(anonymous_22)","decl":{"start":{"line":341,"column":22},"end":{"line":341,"column":23}},"loc":{"start":{"line":341,"column":28},"end":{"line":341,"column":43}},"line":341},"23":{"name":"(anonymous_23)","decl":{"start":{"line":343,"column":26},"end":{"line":343,"column":27}},"loc":{"start":{"line":343,"column":32},"end":{"line":371,"column":5}},"line":343},"24":{"name":"(anonymous_24)","decl":{"start":{"line":346,"column":20},"end":{"line":346,"column":21}},"loc":{"start":{"line":346,"column":27},"end":{"line":346,"column":37}},"line":346},"25":{"name":"(anonymous_25)","decl":{"start":{"line":347,"column":20},"end":{"line":347,"column":21}},"loc":{"start":{"line":347,"column":27},"end":{"line":347,"column":37}},"line":347},"26":{"name":"(anonymous_26)","decl":{"start":{"line":348,"column":20},"end":{"line":348,"column":21}},"loc":{"start":{"line":348,"column":27},"end":{"line":348,"column":37}},"line":348},"27":{"name":"(anonymous_27)","decl":{"start":{"line":349,"column":20},"end":{"line":349,"column":21}},"loc":{"start":{"line":349,"column":27},"end":{"line":349,"column":37}},"line":349},"28":{"name":"(anonymous_28)","decl":{"start":{"line":352,"column":20},"end":{"line":352,"column":21}},"loc":{"start":{"line":352,"column":27},"end":{"line":352,"column":37}},"line":352},"29":{"name":"(anonymous_29)","decl":{"start":{"line":353,"column":20},"end":{"line":353,"column":21}},"loc":{"start":{"line":353,"column":27},"end":{"line":353,"column":37}},"line":353},"30":{"name":"(anonymous_30)","decl":{"start":{"line":354,"column":20},"end":{"line":354,"column":21}},"loc":{"start":{"line":354,"column":27},"end":{"line":354,"column":37}},"line":354},"31":{"name":"(anonymous_31)","decl":{"start":{"line":355,"column":20},"end":{"line":355,"column":21}},"loc":{"start":{"line":355,"column":27},"end":{"line":355,"column":37}},"line":355},"32":{"name":"(anonymous_32)","decl":{"start":{"line":358,"column":22},"end":{"line":358,"column":23}},"loc":{"start":{"line":358,"column":29},"end":{"line":358,"column":32}},"line":358},"33":{"name":"(anonymous_33)","decl":{"start":{"line":358,"column":45},"end":{"line":358,"column":46}},"loc":{"start":{"line":358,"column":52},"end":{"line":358,"column":55}},"line":358},"34":{"name":"(anonymous_34)","decl":{"start":{"line":360,"column":22},"end":{"line":360,"column":23}},"loc":{"start":{"line":360,"column":29},"end":{"line":360,"column":32}},"line":360},"35":{"name":"(anonymous_35)","decl":{"start":{"line":360,"column":44},"end":{"line":360,"column":45}},"loc":{"start":{"line":360,"column":51},"end":{"line":360,"column":54}},"line":360},"36":{"name":"(anonymous_36)","decl":{"start":{"line":363,"column":21},"end":{"line":363,"column":22}},"loc":{"start":{"line":363,"column":28},"end":{"line":370,"column":7}},"line":363}},"branchMap":{"0":{"loc":{"start":{"line":20,"column":6},"end":{"line":20,"column":43}},"type":"if","locations":[{"start":{"line":20,"column":6},"end":{"line":20,"column":43}},{"start":{"line":20,"column":6},"end":{"line":20,"column":43}}],"line":20},"1":{"loc":{"start":{"line":21,"column":6},"end":{"line":26,"column":7}},"type":"if","locations":[{"start":{"line":21,"column":6},"end":{"line":26,"column":7}},{"start":{"line":21,"column":6},"end":{"line":26,"column":7}}],"line":21},"2":{"loc":{"start":{"line":24,"column":10},"end":{"line":24,"column":84}},"type":"if","locations":[{"start":{"line":24,"column":10},"end":{"line":24,"column":84}},{"start":{"line":24,"column":10},"end":{"line":24,"column":84}}],"line":24},"3":{"loc":{"start":{"line":30,"column":6},"end":{"line":48,"column":7}},"type":"if","locations":[{"start":{"line":30,"column":6},"end":{"line":48,"column":7}},{"start":{"line":30,"column":6},"end":{"line":48,"column":7}}],"line":30},"4":{"loc":{"start":{"line":30,"column":10},"end":{"line":30,"column":102}},"type":"binary-expr","locations":[{"start":{"line":30,"column":10},"end":{"line":30,"column":38}},{"start":{"line":30,"column":42},"end":{"line":30,"column":102}}],"line":30},"5":{"loc":{"start":{"line":36,"column":10},"end":{"line":38,"column":11}},"type":"if","locations":[{"start":{"line":36,"column":10},"end":{"line":38,"column":11}},{"start":{"line":36,"column":10},"end":{"line":38,"column":11}}],"line":36},"6":{"loc":{"start":{"line":43,"column":10},"end":{"line":45,"column":11}},"type":"if","locations":[{"start":{"line":43,"column":10},"end":{"line":45,"column":11}},{"start":{"line":43,"column":10},"end":{"line":45,"column":11}}],"line":43},"7":{"loc":{"start":{"line":43,"column":14},"end":{"line":43,"column":116}},"type":"binary-expr","locations":[{"start":{"line":43,"column":14},"end":{"line":43,"column":47}},{"start":{"line":43,"column":51},"end":{"line":43,"column":116}}],"line":43},"8":{"loc":{"start":{"line":58,"column":4},"end":{"line":60,"column":5}},"type":"if","locations":[{"start":{"line":58,"column":4},"end":{"line":60,"column":5}},{"start":{"line":58,"column":4},"end":{"line":60,"column":5}}],"line":58},"9":{"loc":{"start":{"line":63,"column":6},"end":{"line":96,"column":7}},"type":"if","locations":[{"start":{"line":63,"column":6},"end":{"line":96,"column":7}},{"start":{"line":63,"column":6},"end":{"line":96,"column":7}}],"line":63},"10":{"loc":{"start":{"line":66,"column":10},"end":{"line":68,"column":11}},"type":"if","locations":[{"start":{"line":66,"column":10},"end":{"line":68,"column":11}},{"start":{"line":66,"column":10},"end":{"line":68,"column":11}}],"line":66},"11":{"loc":{"start":{"line":71,"column":8},"end":{"line":83,"column":9}},"type":"if","locations":[{"start":{"line":71,"column":8},"end":{"line":83,"column":9}},{"start":{"line":71,"column":8},"end":{"line":83,"column":9}}],"line":71},"12":{"loc":{"start":{"line":75,"column":12},"end":{"line":77,"column":13}},"type":"if","locations":[{"start":{"line":75,"column":12},"end":{"line":77,"column":13}},{"start":{"line":75,"column":12},"end":{"line":77,"column":13}}],"line":75},"13":{"loc":{"start":{"line":84,"column":13},"end":{"line":96,"column":7}},"type":"if","locations":[{"start":{"line":84,"column":13},"end":{"line":96,"column":7}},{"start":{"line":84,"column":13},"end":{"line":96,"column":7}}],"line":84},"14":{"loc":{"start":{"line":84,"column":17},"end":{"line":84,"column":66}},"type":"binary-expr","locations":[{"start":{"line":84,"column":17},"end":{"line":84,"column":35}},{"start":{"line":84,"column":39},"end":{"line":84,"column":66}}],"line":84},"15":{"loc":{"start":{"line":88,"column":10},"end":{"line":90,"column":11}},"type":"if","locations":[{"start":{"line":88,"column":10},"end":{"line":90,"column":11}},{"start":{"line":88,"column":10},"end":{"line":90,"column":11}}],"line":88},"16":{"loc":{"start":{"line":106,"column":4},"end":{"line":116,"column":5}},"type":"if","locations":[{"start":{"line":106,"column":4},"end":{"line":116,"column":5}},{"start":{"line":106,"column":4},"end":{"line":116,"column":5}}],"line":106},"17":{"loc":{"start":{"line":111,"column":6},"end":{"line":114,"column":7}},"type":"if","locations":[{"start":{"line":111,"column":6},"end":{"line":114,"column":7}},{"start":{"line":111,"column":6},"end":{"line":114,"column":7}}],"line":111},"18":{"loc":{"start":{"line":137,"column":8},"end":{"line":137,"column":65}},"type":"if","locations":[{"start":{"line":137,"column":8},"end":{"line":137,"column":65}},{"start":{"line":137,"column":8},"end":{"line":137,"column":65}}],"line":137},"19":{"loc":{"start":{"line":148,"column":8},"end":{"line":148,"column":53}},"type":"if","locations":[{"start":{"line":148,"column":8},"end":{"line":148,"column":53}},{"start":{"line":148,"column":8},"end":{"line":148,"column":53}}],"line":148},"20":{"loc":{"start":{"line":158,"column":8},"end":{"line":170,"column":9}},"type":"if","locations":[{"start":{"line":158,"column":8},"end":{"line":170,"column":9}},{"start":{"line":158,"column":8},"end":{"line":170,"column":9}}],"line":158},"21":{"loc":{"start":{"line":159,"column":10},"end":{"line":162,"column":54}},"type":"binary-expr","locations":[{"start":{"line":159,"column":10},"end":{"line":159,"column":54}},{"start":{"line":160,"column":10},"end":{"line":160,"column":54}},{"start":{"line":161,"column":10},"end":{"line":161,"column":54}},{"start":{"line":162,"column":10},"end":{"line":162,"column":54}}],"line":159},"22":{"loc":{"start":{"line":164,"column":10},"end":{"line":169,"column":11}},"type":"if","locations":[{"start":{"line":164,"column":10},"end":{"line":169,"column":11}},{"start":{"line":164,"column":10},"end":{"line":169,"column":11}}],"line":164},"23":{"loc":{"start":{"line":178,"column":4},"end":{"line":184,"column":5}},"type":"if","locations":[{"start":{"line":178,"column":4},"end":{"line":184,"column":5}},{"start":{"line":178,"column":4},"end":{"line":184,"column":5}}],"line":178},"24":{"loc":{"start":{"line":223,"column":28},"end":{"line":223,"column":45}},"type":"cond-expr","locations":[{"start":{"line":223,"column":37},"end":{"line":223,"column":40}},{"start":{"line":223,"column":43},"end":{"line":223,"column":45}}],"line":223},"25":{"loc":{"start":{"line":301,"column":31},"end":{"line":301,"column":75}},"type":"cond-expr","locations":[{"start":{"line":301,"column":55},"end":{"line":301,"column":63}},{"start":{"line":301,"column":66},"end":{"line":301,"column":75}}],"line":301},"26":{"loc":{"start":{"line":315,"column":25},"end":{"line":315,"column":44}},"type":"cond-expr","locations":[{"start":{"line":315,"column":37},"end":{"line":315,"column":39}},{"start":{"line":315,"column":42},"end":{"line":315,"column":44}}],"line":315},"27":{"loc":{"start":{"line":316,"column":28},"end":{"line":316,"column":87}},"type":"cond-expr","locations":[{"start":{"line":316,"column":40},"end":{"line":316,"column":49}},{"start":{"line":316,"column":52},"end":{"line":316,"column":87}}],"line":316},"28":{"loc":{"start":{"line":316,"column":52},"end":{"line":316,"column":87}},"type":"cond-expr","locations":[{"start":{"line":316,"column":67},"end":{"line":316,"column":75}},{"start":{"line":316,"column":78},"end":{"line":316,"column":87}}],"line":316},"29":{"loc":{"start":{"line":327,"column":29},"end":{"line":327,"column":71}},"type":"cond-expr","locations":[{"start":{"line":327,"column":41},"end":{"line":327,"column":55}},{"start":{"line":327,"column":58},"end":{"line":327,"column":71}}],"line":327},"30":{"loc":{"start":{"line":329,"column":8},"end":{"line":335,"column":18}},"type":"cond-expr","locations":[{"start":{"line":330,"column":12},"end":{"line":332,"column":20}},{"start":{"line":333,"column":12},"end":{"line":335,"column":18}}],"line":329},"31":{"loc":{"start":{"line":330,"column":12},"end":{"line":332,"column":20}},"type":"cond-expr","locations":[{"start":{"line":331,"column":14},"end":{"line":331,"column":39}},{"start":{"line":332,"column":14},"end":{"line":332,"column":20}}],"line":330},"32":{"loc":{"start":{"line":333,"column":12},"end":{"line":335,"column":18}},"type":"cond-expr","locations":[{"start":{"line":334,"column":12},"end":{"line":334,"column":37}},{"start":{"line":335,"column":12},"end":{"line":335,"column":18}}],"line":333}},"s":{"0":0,"1":0,"2":0,"3":0,"4":0,"5":0,"6":0,"7":0,"8":0,"9":0,"10":0,"11":0,"12":0,"13":0,"14":0,"15":0,"16":0,"17":0,"18":0,"19":0,"20":0,"21":0,"22":0,"23":0,"24":0,"25":0,"26":0,"27":0,"28":0,"29":0,"30":0,"31":0,"32":0,"33":0,"34":0,"35":0,"36":0,"37":0,"38":0,"39":0,"40":0,"41":0,"42":0,"43":0,"44":0,"45":0,"46":0,"47":0,"48":0,"49":0,"50":0,"51":0,"52":0,"53":0,"54":0,"55":0,"56":0,"57":0,"58":0,"59":0,"60":0,"61":0,"62":0,"63":0,"64":0,"65":0,"66":0,"67":0,"68":0,"69":0,"70":0,"71":0,"72":0,"73":0,"74":0,"75":0,"76":0,"77":0,"78":0,"79":0,"80":0,"81":0,"82":0,"83":0,"84":0,"85":0,"86":0,"87":0,"88":0,"89":0,"90":0,"91":0,"92":0,"93":0,"94":0,"95":0,"96":0,"97":0,"98":0,"99":0,"100":0,"101":0,"102":0,"103":0,"104":0,"105":0,"106":0,"107":0,"108":0,"109":0,"110":0,"111":0,"112":0,"113":0,"114":0,"115":0,"116":0,"117":0,"118":0,"119":0,"120":0,"121":0,"122":0,"123":0,"124":0,"125":0,"126":0,"127":0,"128":0,"129":0,"130":0,"131":0,"132":0,"133":0,"134":0,"135":0,"136":0,"137":0,"138":0,"139":0,"140":0,"141":0,"142":0,"143":0,"144":0,"145":0,"146":0,"147":0,"148":0,"149":0,"150":0},"f":{"0":0,"1":0,"2":0,"3":0,"4":0,"5":0,"6":0,"7":0,"8":0,"9":0,"10":0,"11":0,"12":0,"13":0,"14":0,"15":0,"16":0,"17":0,"18":0,"19":0,"20":0,"21":0,"22":0,"23":0,"24":0,"25":0,"26":0,"27":0,"28":0,"29":0,"30":0,"31":0,"32":0,"33":0,"34":0,"35":0,"36":0},"b":{"0":[0,0],"1":[0,0],"2":[0,0],"3":[0,0],"4":[0,0],"5":[0,0],"6":[0,0],"7":[0,0],"8":[0,0],"9":[0,0],"10":[0,0],"11":[0,0],"12":[0,0],"13":[0,0],"14":[0,0],"15":[0,0],"16":[0,0],"17":[0,0],"18":[0,0],"19":[0,0],"20":[0,0],"21":[0,0,0,0],"22":[0,0],"23":[0,0],"24":[0,0],"25":[0,0],"26":[0,0],"27":[0,0],"28":[0,0],"29":[0,0],"30":[0,0],"31":[0,0],"32":[0,0]},"_coverageSchema":"1a1c01bbd47fc00a2c39e90264f33305004495a9","hash":"4deed1cd1972a2bd859b70f03f3688c13076e0ba"}
,"/Users/stanleyhuang/Desktop/codesmith/CanvasQL/client/forceGraph/d3DataBuilder.js": {"path":"/Users/stanleyhuang/Desktop/codesmith/CanvasQL/client/forceGraph/d3DataBuilder.js","statementMap":{"0":{"start":{"line":1,"column":35},"end":{"line":66,"column":1}},"1":{"start":{"line":2,"column":20},"end":{"line":2,"column":103}},"2":{"start":{"line":3,"column":17},"end":{"line":3,"column":19}},"3":{"start":{"line":5,"column":2},"end":{"line":62,"column":3}},"4":{"start":{"line":6,"column":4},"end":{"line":6,"column":39}},"5":{"start":{"line":11,"column":23},"end":{"line":19,"column":5}},"6":{"start":{"line":20,"column":4},"end":{"line":20,"column":42}},"7":{"start":{"line":23,"column":4},"end":{"line":32,"column":6}},"8":{"start":{"line":25,"column":27},"end":{"line":29,"column":9}},"9":{"start":{"line":30,"column":8},"end":{"line":30,"column":44}},"10":{"start":{"line":33,"column":4},"end":{"line":42,"column":6}},"11":{"start":{"line":35,"column":27},"end":{"line":39,"column":9}},"12":{"start":{"line":40,"column":8},"end":{"line":40,"column":48}},"13":{"start":{"line":45,"column":4},"end":{"line":61,"column":6}},"14":{"start":{"line":46,"column":24},"end":{"line":51,"column":7}},"15":{"start":{"line":52,"column":24},"end":{"line":55,"column":7}},"16":{"start":{"line":56,"column":6},"end":{"line":58,"column":7}},"17":{"start":{"line":57,"column":8},"end":{"line":57,"column":36}},"18":{"start":{"line":59,"column":6},"end":{"line":59,"column":44}},"19":{"start":{"line":60,"column":6},"end":{"line":60,"column":46}},"20":{"start":{"line":65,"column":2},"end":{"line":65,"column":31}},"21":{"start":{"line":68,"column":27},"end":{"line":124,"column":1}},"22":{"start":{"line":69,"column":20},"end":{"line":69,"column":22}},"23":{"start":{"line":71,"column":2},"end":{"line":121,"column":3}},"24":{"start":{"line":72,"column":25},"end":{"line":72,"column":46}},"25":{"start":{"line":74,"column":4},"end":{"line":120,"column":5}},"26":{"start":{"line":78,"column":23},"end":{"line":78,"column":25}},"27":{"start":{"line":79,"column":26},"end":{"line":79,"column":28}},"28":{"start":{"line":80,"column":6},"end":{"line":83,"column":7}},"29":{"start":{"line":81,"column":8},"end":{"line":81,"column":72}},"30":{"start":{"line":82,"column":8},"end":{"line":82,"column":34}},"31":{"start":{"line":84,"column":27},"end":{"line":84,"column":29}},"32":{"start":{"line":85,"column":6},"end":{"line":101,"column":7}},"33":{"start":{"line":86,"column":8},"end":{"line":100,"column":9}},"34":{"start":{"line":91,"column":10},"end":{"line":91,"column":42}},"35":{"start":{"line":94,"column":10},"end":{"line":99,"column":11}},"36":{"start":{"line":95,"column":32},"end":{"line":95,"column":99}},"37":{"start":{"line":96,"column":12},"end":{"line":98,"column":13}},"38":{"start":{"line":97,"column":14},"end":{"line":97,"column":45}},"39":{"start":{"line":102,"column":22},"end":{"line":102,"column":24}},"40":{"start":{"line":103,"column":6},"end":{"line":111,"column":7}},"41":{"start":{"line":104,"column":8},"end":{"line":110,"column":9}},"42":{"start":{"line":105,"column":29},"end":{"line":108,"column":11}},"43":{"start":{"line":109,"column":10},"end":{"line":109,"column":35}},"44":{"start":{"line":113,"column":6},"end":{"line":119,"column":8}},"45":{"start":{"line":123,"column":2},"end":{"line":123,"column":19}}},"fnMap":{"0":{"name":"(anonymous_0)","decl":{"start":{"line":1,"column":35},"end":{"line":1,"column":36}},"loc":{"start":{"line":1,"column":45},"end":{"line":66,"column":1}},"line":1},"1":{"name":"(anonymous_1)","decl":{"start":{"line":23,"column":37},"end":{"line":23,"column":38}},"loc":{"start":{"line":23,"column":54},"end":{"line":32,"column":5}},"line":23},"2":{"name":"(anonymous_2)","decl":{"start":{"line":33,"column":41},"end":{"line":33,"column":42}},"loc":{"start":{"line":33,"column":53},"end":{"line":42,"column":5}},"line":33},"3":{"name":"(anonymous_3)","decl":{"start":{"line":45,"column":36},"end":{"line":45,"column":37}},"loc":{"start":{"line":45,"column":51},"end":{"line":61,"column":5}},"line":45},"4":{"name":"(anonymous_4)","decl":{"start":{"line":68,"column":27},"end":{"line":68,"column":28}},"loc":{"start":{"line":68,"column":47},"end":{"line":124,"column":1}},"line":68}},"branchMap":{"0":{"loc":{"start":{"line":56,"column":6},"end":{"line":58,"column":7}},"type":"if","locations":[{"start":{"line":56,"column":6},"end":{"line":58,"column":7}},{"start":{"line":56,"column":6},"end":{"line":58,"column":7}}],"line":56},"1":{"loc":{"start":{"line":74,"column":4},"end":{"line":120,"column":5}},"type":"if","locations":[{"start":{"line":74,"column":4},"end":{"line":120,"column":5}},{"start":{"line":74,"column":4},"end":{"line":120,"column":5}}],"line":74},"2":{"loc":{"start":{"line":75,"column":6},"end":{"line":76,"column":99}},"type":"binary-expr","locations":[{"start":{"line":75,"column":6},"end":{"line":75,"column":31}},{"start":{"line":76,"column":6},"end":{"line":76,"column":99}}],"line":75},"3":{"loc":{"start":{"line":86,"column":8},"end":{"line":100,"column":9}},"type":"if","locations":[{"start":{"line":86,"column":8},"end":{"line":100,"column":9}},{"start":{"line":86,"column":8},"end":{"line":100,"column":9}}],"line":86},"4":{"loc":{"start":{"line":87,"column":10},"end":{"line":89,"column":76}},"type":"binary-expr","locations":[{"start":{"line":87,"column":10},"end":{"line":87,"column":51}},{"start":{"line":88,"column":10},"end":{"line":89,"column":76}}],"line":87},"5":{"loc":{"start":{"line":96,"column":12},"end":{"line":98,"column":13}},"type":"if","locations":[{"start":{"line":96,"column":12},"end":{"line":98,"column":13}},{"start":{"line":96,"column":12},"end":{"line":98,"column":13}}],"line":96},"6":{"loc":{"start":{"line":104,"column":8},"end":{"line":110,"column":9}},"type":"if","locations":[{"start":{"line":104,"column":8},"end":{"line":110,"column":9}},{"start":{"line":104,"column":8},"end":{"line":110,"column":9}}],"line":104}},"s":{"0":1,"1":0,"2":0,"3":0,"4":0,"5":0,"6":0,"7":0,"8":0,"9":0,"10":0,"11":0,"12":0,"13":0,"14":0,"15":0,"16":0,"17":0,"18":0,"19":0,"20":0,"21":1,"22":0,"23":0,"24":0,"25":0,"26":0,"27":0,"28":0,"29":0,"30":0,"31":0,"32":0,"33":0,"34":0,"35":0,"36":0,"37":0,"38":0,"39":0,"40":0,"41":0,"42":0,"43":0,"44":0,"45":0},"f":{"0":0,"1":0,"2":0,"3":0,"4":0},"b":{"0":[0,0],"1":[0,0],"2":[0,0],"3":[0,0],"4":[0,0],"5":[0,0],"6":[0,0]},"_coverageSchema":"1a1c01bbd47fc00a2c39e90264f33305004495a9","hash":"bc7246dc1d28b9a31f08bb06c21bc0a4463973b5"}
,"/Users/stanleyhuang/Desktop/codesmith/CanvasQL/client/forceGraph/generators/helperFunctions.js": {"path":"/Users/stanleyhuang/Desktop/codesmith/CanvasQL/client/forceGraph/generators/helperFunctions.js","statementMap":{"0":{"start":{"line":2,"column":2},"end":{"line":2,"column":38}},"1":{"start":{"line":6,"column":2},"end":{"line":6,"column":50}},"2":{"start":{"line":10,"column":16},"end":{"line":10,"column":33}},"3":{"start":{"line":11,"column":2},"end":{"line":19,"column":3}},"4":{"start":{"line":11,"column":15},"end":{"line":11,"column":16}},"5":{"start":{"line":11,"column":24},"end":{"line":11,"column":38}},"6":{"start":{"line":12,"column":24},"end":{"line":12,"column":64}},"7":{"start":{"line":13,"column":4},"end":{"line":18,"column":5}},"8":{"start":{"line":14,"column":19},"end":{"line":14,"column":74}},"9":{"start":{"line":15,"column":6},"end":{"line":15,"column":66}},"10":{"start":{"line":16,"column":11},"end":{"line":18,"column":5}},"11":{"start":{"line":17,"column":6},"end":{"line":17,"column":36}},"12":{"start":{"line":20,"column":2},"end":{"line":20,"column":17}},"13":{"start":{"line":24,"column":2},"end":{"line":45,"column":3}},"14":{"start":{"line":26,"column":6},"end":{"line":26,"column":22}},"15":{"start":{"line":27,"column":6},"end":{"line":27,"column":12}},"16":{"start":{"line":29,"column":6},"end":{"line":29,"column":22}},"17":{"start":{"line":30,"column":6},"end":{"line":30,"column":12}},"18":{"start":{"line":32,"column":6},"end":{"line":32,"column":19}},"19":{"start":{"line":33,"column":6},"end":{"line":33,"column":12}},"20":{"start":{"line":35,"column":6},"end":{"line":35,"column":22}},"21":{"start":{"line":36,"column":6},"end":{"line":36,"column":12}},"22":{"start":{"line":38,"column":6},"end":{"line":38,"column":22}},"23":{"start":{"line":39,"column":6},"end":{"line":39,"column":12}},"24":{"start":{"line":41,"column":6},"end":{"line":41,"column":23}},"25":{"start":{"line":42,"column":6},"end":{"line":42,"column":12}},"26":{"start":{"line":44,"column":6},"end":{"line":44,"column":19}},"27":{"start":{"line":49,"column":2},"end":{"line":49,"column":47}}},"fnMap":{"0":{"name":"toPascalCase","decl":{"start":{"line":1,"column":9},"end":{"line":1,"column":21}},"loc":{"start":{"line":1,"column":27},"end":{"line":3,"column":1}},"line":1},"1":{"name":"capitalize","decl":{"start":{"line":5,"column":9},"end":{"line":5,"column":19}},"loc":{"start":{"line":5,"column":25},"end":{"line":7,"column":1}},"line":5},"2":{"name":"toCamelCase","decl":{"start":{"line":9,"column":9},"end":{"line":9,"column":20}},"loc":{"start":{"line":9,"column":26},"end":{"line":21,"column":1}},"line":9},"3":{"name":"typeSet","decl":{"start":{"line":23,"column":9},"end":{"line":23,"column":16}},"loc":{"start":{"line":23,"column":22},"end":{"line":46,"column":1}},"line":23},"4":{"name":"getPrimaryKeyType","decl":{"start":{"line":48,"column":9},"end":{"line":48,"column":26}},"loc":{"start":{"line":48,"column":48},"end":{"line":50,"column":1}},"line":48}},"branchMap":{"0":{"loc":{"start":{"line":12,"column":24},"end":{"line":12,"column":64}},"type":"binary-expr","locations":[{"start":{"line":12,"column":24},"end":{"line":12,"column":42}},{"start":{"line":12,"column":46},"end":{"line":12,"column":64}}],"line":12},"1":{"loc":{"start":{"line":13,"column":4},"end":{"line":18,"column":5}},"type":"if","locations":[{"start":{"line":13,"column":4},"end":{"line":18,"column":5}},{"start":{"line":13,"column":4},"end":{"line":18,"column":5}}],"line":13},"2":{"loc":{"start":{"line":13,"column":8},"end":{"line":13,"column":37}},"type":"binary-expr","locations":[{"start":{"line":13,"column":8},"end":{"line":13,"column":22}},{"start":{"line":13,"column":26},"end":{"line":13,"column":37}}],"line":13},"3":{"loc":{"start":{"line":14,"column":19},"end":{"line":14,"column":74}},"type":"cond-expr","locations":[{"start":{"line":14,"column":29},"end":{"line":14,"column":43}},{"start":{"line":14,"column":46},"end":{"line":14,"column":74}}],"line":14},"4":{"loc":{"start":{"line":16,"column":11},"end":{"line":18,"column":5}},"type":"if","locations":[{"start":{"line":16,"column":11},"end":{"line":18,"column":5}},{"start":{"line":16,"column":11},"end":{"line":18,"column":5}}],"line":16},"5":{"loc":{"start":{"line":24,"column":2},"end":{"line":45,"column":3}},"type":"switch","locations":[{"start":{"line":25,"column":4},"end":{"line":27,"column":12}},{"start":{"line":28,"column":4},"end":{"line":30,"column":12}},{"start":{"line":31,"column":4},"end":{"line":33,"column":12}},{"start":{"line":34,"column":4},"end":{"line":36,"column":12}},{"start":{"line":37,"column":4},"end":{"line":39,"column":12}},{"start":{"line":40,"column":4},"end":{"line":42,"column":12}},{"start":{"line":43,"column":4},"end":{"line":44,"column":19}}],"line":24}},"s":{"0":0,"1":0,"2":0,"3":0,"4":0,"5":0,"6":0,"7":0,"8":0,"9":0,"10":0,"11":0,"12":0,"13":0,"14":0,"15":0,"16":0,"17":0,"18":0,"19":0,"20":0,"21":0,"22":0,"23":0,"24":0,"25":0,"26":0,"27":0},"f":{"0":0,"1":0,"2":0,"3":0,"4":0},"b":{"0":[0,0],"1":[0,0],"2":[0,0],"3":[0,0],"4":[0,0],"5":[0,0,0,0,0,0,0]},"_coverageSchema":"1a1c01bbd47fc00a2c39e90264f33305004495a9","hash":"2833c87024ce54077daf773b13bb590b740a92b7"}
,"/Users/stanleyhuang/Desktop/codesmith/CanvasQL/client/forceGraph/generators/resolverGenerator.js": {"path":"/Users/stanleyhuang/Desktop/codesmith/CanvasQL/client/forceGraph/generators/resolverGenerator.js","statementMap":{"0":{"start":{"line":11,"column":26},"end":{"line":13,"column":1}},"1":{"start":{"line":15,"column":0},"end":{"line":17,"column":2}},"2":{"start":{"line":16,"column":2},"end":{"line":16,"column":20}},"3":{"start":{"line":19,"column":0},"end":{"line":21,"column":2}},"4":{"start":{"line":20,"column":2},"end":{"line":20,"column":98}},"5":{"start":{"line":23,"column":0},"end":{"line":31,"column":2}},"6":{"start":{"line":24,"column":47},"end":{"line":24,"column":56}},"7":{"start":{"line":25,"column":2},"end":{"line":25,"column":55}},"8":{"start":{"line":26,"column":2},"end":{"line":30,"column":4}},"9":{"start":{"line":33,"column":0},"end":{"line":92,"column":2}},"10":{"start":{"line":34,"column":39},"end":{"line":34,"column":56}},"11":{"start":{"line":35,"column":2},"end":{"line":35,"column":31}},"12":{"start":{"line":35,"column":21},"end":{"line":35,"column":31}},"13":{"start":{"line":36,"column":22},"end":{"line":36,"column":69}},"14":{"start":{"line":37,"column":2},"end":{"line":89,"column":3}},"15":{"start":{"line":42,"column":8},"end":{"line":42,"column":28}},"16":{"start":{"line":43,"column":25},"end":{"line":43,"column":61}},"17":{"start":{"line":45,"column":4},"end":{"line":59,"column":8}},"18":{"start":{"line":46,"column":6},"end":{"line":51,"column":8}},"19":{"start":{"line":53,"column":9},"end":{"line":59,"column":8}},"20":{"start":{"line":54,"column":6},"end":{"line":59,"column":8}},"21":{"start":{"line":61,"column":4},"end":{"line":79,"column":5}},"22":{"start":{"line":62,"column":6},"end":{"line":78,"column":7}},"23":{"start":{"line":64,"column":32},"end":{"line":64,"column":72}},"24":{"start":{"line":65,"column":23},"end":{"line":65,"column":67}},"25":{"start":{"line":66,"column":27},"end":{"line":66,"column":77}},"26":{"start":{"line":67,"column":47},"end":{"line":67,"column":70}},"27":{"start":{"line":69,"column":8},"end":{"line":77,"column":10}},"28":{"start":{"line":81,"column":4},"end":{"line":88,"column":5}},"29":{"start":{"line":82,"column":21},"end":{"line":82,"column":63}},"30":{"start":{"line":83,"column":27},"end":{"line":83,"column":48}},"31":{"start":{"line":84,"column":21},"end":{"line":84,"column":40}},"32":{"start":{"line":86,"column":23},"end":{"line":86,"column":117}},"33":{"start":{"line":87,"column":6},"end":{"line":87,"column":70}},"34":{"start":{"line":87,"column":45},"end":{"line":87,"column":70}},"35":{"start":{"line":90,"column":2},"end":{"line":90,"column":28}},"36":{"start":{"line":91,"column":2},"end":{"line":91,"column":23}},"37":{"start":{"line":94,"column":0},"end":{"line":106,"column":2}},"38":{"start":{"line":95,"column":2},"end":{"line":105,"column":4}},"39":{"start":{"line":108,"column":0},"end":{"line":120,"column":2}},"40":{"start":{"line":109,"column":2},"end":{"line":119,"column":4}},"41":{"start":{"line":122,"column":0},"end":{"line":143,"column":2}},"42":{"start":{"line":131,"column":23},"end":{"line":131,"column":45}},"43":{"start":{"line":132,"column":2},"end":{"line":142,"column":4}},"44":{"start":{"line":145,"column":0},"end":{"line":158,"column":2}},"45":{"start":{"line":146,"column":23},"end":{"line":146,"column":45}},"46":{"start":{"line":147,"column":2},"end":{"line":157,"column":4}},"47":{"start":{"line":160,"column":0},"end":{"line":169,"column":2}},"48":{"start":{"line":161,"column":14},"end":{"line":161,"column":15}},"49":{"start":{"line":162,"column":2},"end":{"line":167,"column":3}},"50":{"start":{"line":164,"column":4},"end":{"line":166,"column":5}},"51":{"start":{"line":165,"column":6},"end":{"line":165,"column":41}},"52":{"start":{"line":168,"column":2},"end":{"line":168,"column":22}},"53":{"start":{"line":171,"column":0},"end":{"line":185,"column":2}},"54":{"start":{"line":172,"column":13},"end":{"line":172,"column":45}},"55":{"start":{"line":173,"column":2},"end":{"line":173,"column":54}},"56":{"start":{"line":173,"column":39},"end":{"line":173,"column":54}},"57":{"start":{"line":174,"column":2},"end":{"line":184,"column":4}},"58":{"start":{"line":187,"column":0},"end":{"line":198,"column":2}},"59":{"start":{"line":188,"column":2},"end":{"line":197,"column":4}},"60":{"start":{"line":200,"column":0},"end":{"line":223,"column":2}},"61":{"start":{"line":206,"column":2},"end":{"line":222,"column":4}},"62":{"start":{"line":211,"column":18},"end":{"line":211,"column":25}},"63":{"start":{"line":214,"column":18},"end":{"line":214,"column":29}},"64":{"start":{"line":225,"column":0},"end":{"line":248,"column":2}},"65":{"start":{"line":231,"column":19},"end":{"line":231,"column":21}},"66":{"start":{"line":232,"column":2},"end":{"line":232,"column":81}},"67":{"start":{"line":232,"column":34},"end":{"line":232,"column":81}},"68":{"start":{"line":233,"column":2},"end":{"line":247,"column":4}},"69":{"start":{"line":240,"column":18},"end":{"line":240,"column":29}},"70":{"start":{"line":250,"column":0},"end":{"line":262,"column":2}},"71":{"start":{"line":251,"column":2},"end":{"line":261,"column":4}}},"fnMap":{"0":{"name":"(anonymous_0)","decl":{"start":{"line":15,"column":26},"end":{"line":15,"column":27}},"loc":{"start":{"line":15,"column":38},"end":{"line":17,"column":1}},"line":15},"1":{"name":"queries","decl":{"start":{"line":19,"column":37},"end":{"line":19,"column":44}},"loc":{"start":{"line":19,"column":72},"end":{"line":21,"column":1}},"line":19},"2":{"name":"mutations","decl":{"start":{"line":23,"column":39},"end":{"line":23,"column":48}},"loc":{"start":{"line":23,"column":71},"end":{"line":31,"column":1}},"line":23},"3":{"name":"getRelationships","decl":{"start":{"line":33,"column":46},"end":{"line":33,"column":62}},"loc":{"start":{"line":33,"column":82},"end":{"line":92,"column":1}},"line":33},"4":{"name":"oneToOne","decl":{"start":{"line":94,"column":39},"end":{"line":94,"column":47}},"loc":{"start":{"line":94,"column":93},"end":{"line":106,"column":1}},"line":94},"5":{"name":"oneToMany","decl":{"start":{"line":108,"column":40},"end":{"line":108,"column":49}},"loc":{"start":{"line":108,"column":95},"end":{"line":120,"column":1}},"line":108},"6":{"name":"manyToMany","decl":{"start":{"line":122,"column":41},"end":{"line":122,"column":51}},"loc":{"start":{"line":130,"column":2},"end":{"line":143,"column":1}},"line":130},"7":{"name":"FKTable","decl":{"start":{"line":145,"column":38},"end":{"line":145,"column":45}},"loc":{"start":{"line":145,"column":135},"end":{"line":158,"column":1}},"line":145},"8":{"name":"values","decl":{"start":{"line":160,"column":43},"end":{"line":160,"column":49}},"loc":{"start":{"line":160,"column":84},"end":{"line":169,"column":1}},"line":160},"9":{"name":"column","decl":{"start":{"line":171,"column":42},"end":{"line":171,"column":48}},"loc":{"start":{"line":171,"column":72},"end":{"line":185,"column":1}},"line":171},"10":{"name":"allColumn","decl":{"start":{"line":187,"column":45},"end":{"line":187,"column":54}},"loc":{"start":{"line":187,"column":66},"end":{"line":198,"column":1}},"line":187},"11":{"name":"createColumn","decl":{"start":{"line":200,"column":45},"end":{"line":200,"column":57}},"loc":{"start":{"line":205,"column":2},"end":{"line":223,"column":1}},"line":205},"12":{"name":"(anonymous_12)","decl":{"start":{"line":211,"column":11},"end":{"line":211,"column":12}},"loc":{"start":{"line":211,"column":18},"end":{"line":211,"column":25}},"line":211},"13":{"name":"(anonymous_13)","decl":{"start":{"line":214,"column":11},"end":{"line":214,"column":12}},"loc":{"start":{"line":214,"column":18},"end":{"line":214,"column":29}},"line":214},"14":{"name":"updateColumn","decl":{"start":{"line":225,"column":45},"end":{"line":225,"column":57}},"loc":{"start":{"line":230,"column":2},"end":{"line":248,"column":1}},"line":230},"15":{"name":"(anonymous_15)","decl":{"start":{"line":240,"column":11},"end":{"line":240,"column":12}},"loc":{"start":{"line":240,"column":18},"end":{"line":240,"column":29}},"line":240},"16":{"name":"deleteColumn","decl":{"start":{"line":250,"column":46},"end":{"line":250,"column":58}},"loc":{"start":{"line":250,"column":82},"end":{"line":262,"column":1}},"line":250}},"branchMap":{"0":{"loc":{"start":{"line":35,"column":2},"end":{"line":35,"column":31}},"type":"if","locations":[{"start":{"line":35,"column":2},"end":{"line":35,"column":31}},{"start":{"line":35,"column":2},"end":{"line":35,"column":31}}],"line":35},"1":{"loc":{"start":{"line":45,"column":4},"end":{"line":59,"column":8}},"type":"if","locations":[{"start":{"line":45,"column":4},"end":{"line":59,"column":8}},{"start":{"line":45,"column":4},"end":{"line":59,"column":8}}],"line":45},"2":{"loc":{"start":{"line":45,"column":8},"end":{"line":45,"column":47}},"type":"binary-expr","locations":[{"start":{"line":45,"column":8},"end":{"line":45,"column":20}},{"start":{"line":45,"column":24},"end":{"line":45,"column":47}}],"line":45},"3":{"loc":{"start":{"line":53,"column":9},"end":{"line":59,"column":8}},"type":"if","locations":[{"start":{"line":53,"column":9},"end":{"line":59,"column":8}},{"start":{"line":53,"column":9},"end":{"line":59,"column":8}}],"line":53},"4":{"loc":{"start":{"line":62,"column":6},"end":{"line":78,"column":7}},"type":"if","locations":[{"start":{"line":62,"column":6},"end":{"line":78,"column":7}},{"start":{"line":62,"column":6},"end":{"line":78,"column":7}}],"line":62},"5":{"loc":{"start":{"line":87,"column":6},"end":{"line":87,"column":70}},"type":"if","locations":[{"start":{"line":87,"column":6},"end":{"line":87,"column":70}},{"start":{"line":87,"column":6},"end":{"line":87,"column":70}}],"line":87},"6":{"loc":{"start":{"line":164,"column":4},"end":{"line":166,"column":5}},"type":"if","locations":[{"start":{"line":164,"column":4},"end":{"line":166,"column":5}},{"start":{"line":164,"column":4},"end":{"line":166,"column":5}}],"line":164},"7":{"loc":{"start":{"line":173,"column":2},"end":{"line":173,"column":54}},"type":"if","locations":[{"start":{"line":173,"column":2},"end":{"line":173,"column":54}},{"start":{"line":173,"column":2},"end":{"line":173,"column":54}}],"line":173}},"s":{"0":1,"1":1,"2":0,"3":1,"4":0,"5":1,"6":0,"7":0,"8":0,"9":1,"10":0,"11":0,"12":0,"13":0,"14":0,"15":0,"16":0,"17":0,"18":0,"19":0,"20":0,"21":0,"22":0,"23":0,"24":0,"25":0,"26":0,"27":0,"28":0,"29":0,"30":0,"31":0,"32":0,"33":0,"34":0,"35":0,"36":0,"37":1,"38":0,"39":1,"40":0,"41":1,"42":0,"43":0,"44":1,"45":0,"46":0,"47":1,"48":0,"49":0,"50":0,"51":0,"52":0,"53":1,"54":0,"55":0,"56":0,"57":0,"58":1,"59":0,"60":1,"61":0,"62":0,"63":0,"64":1,"65":0,"66":0,"67":0,"68":0,"69":0,"70":1,"71":0},"f":{"0":0,"1":0,"2":0,"3":0,"4":0,"5":0,"6":0,"7":0,"8":0,"9":0,"10":0,"11":0,"12":0,"13":0,"14":0,"15":0,"16":0},"b":{"0":[0,0],"1":[0,0],"2":[0,0],"3":[0,0],"4":[0,0],"5":[0,0],"6":[0,0],"7":[0,0]},"_coverageSchema":"1a1c01bbd47fc00a2c39e90264f33305004495a9","hash":"616dfc548cf990bb02782512e35915947c36caae"}
,"/Users/stanleyhuang/Desktop/codesmith/CanvasQL/client/forceGraph/generators/schemaGenerator.js": {"path":"/Users/stanleyhuang/Desktop/codesmith/CanvasQL/client/forceGraph/generators/schemaGenerator.js","statementMap":{"0":{"start":{"line":5,"column":30},"end":{"line":39,"column":1}},"1":{"start":{"line":6,"column":18},"end":{"line":6,"column":20}},"2":{"start":{"line":7,"column":21},"end":{"line":7,"column":23}},"3":{"start":{"line":8,"column":20},"end":{"line":8,"column":22}},"4":{"start":{"line":9,"column":23},"end":{"line":9,"column":25}},"5":{"start":{"line":10,"column":26},"end":{"line":10,"column":28}},"6":{"start":{"line":11,"column":30},"end":{"line":11,"column":32}},"7":{"start":{"line":12,"column":2},"end":{"line":23,"column":3}},"8":{"start":{"line":13,"column":22},"end":{"line":13,"column":39}},"9":{"start":{"line":14,"column":37},"end":{"line":14,"column":46}},"10":{"start":{"line":15,"column":4},"end":{"line":15,"column":61}},"11":{"start":{"line":16,"column":4},"end":{"line":16,"column":66}},"12":{"start":{"line":17,"column":4},"end":{"line":17,"column":64}},"13":{"start":{"line":18,"column":4},"end":{"line":22,"column":5}},"14":{"start":{"line":19,"column":6},"end":{"line":19,"column":72}},"15":{"start":{"line":20,"column":6},"end":{"line":20,"column":77}},"16":{"start":{"line":21,"column":6},"end":{"line":21,"column":85}},"17":{"start":{"line":24,"column":2},"end":{"line":38,"column":4}}},"fnMap":{"0":{"name":"(anonymous_0)","decl":{"start":{"line":5,"column":30},"end":{"line":5,"column":31}},"loc":{"start":{"line":5,"column":42},"end":{"line":39,"column":1}},"line":5}},"branchMap":{"0":{"loc":{"start":{"line":18,"column":4},"end":{"line":22,"column":5}},"type":"if","locations":[{"start":{"line":18,"column":4},"end":{"line":22,"column":5}},{"start":{"line":18,"column":4},"end":{"line":22,"column":5}}],"line":18},"1":{"loc":{"start":{"line":18,"column":8},"end":{"line":18,"column":91}},"type":"binary-expr","locations":[{"start":{"line":18,"column":8},"end":{"line":18,"column":20}},{"start":{"line":18,"column":24},"end":{"line":18,"column":91}}],"line":18}},"s":{"0":1,"1":0,"2":0,"3":0,"4":0,"5":0,"6":0,"7":0,"8":0,"9":0,"10":0,"11":0,"12":0,"13":0,"14":0,"15":0,"16":0,"17":0},"f":{"0":0},"b":{"0":[0,0],"1":[0,0]},"_coverageSchema":"1a1c01bbd47fc00a2c39e90264f33305004495a9","hash":"a170668db0be55f7bddf29e7e9b6babe89be9148"}
,"/Users/stanleyhuang/Desktop/codesmith/CanvasQL/client/forceGraph/generators/typeGenerator.js": {"path":"/Users/stanleyhuang/Desktop/codesmith/CanvasQL/client/forceGraph/generators/typeGenerator.js","statementMap":{"0":{"start":{"line":9,"column":22},"end":{"line":9,"column":24}},"1":{"start":{"line":11,"column":0},"end":{"line":25,"column":2}},"2":{"start":{"line":12,"column":47},"end":{"line":12,"column":56}},"3":{"start":{"line":13,"column":23},"end":{"line":13,"column":42}},"4":{"start":{"line":14,"column":25},"end":{"line":14,"column":63}},"5":{"start":{"line":15,"column":2},"end":{"line":23,"column":3}},"6":{"start":{"line":17,"column":15},"end":{"line":17,"column":40}},"7":{"start":{"line":18,"column":4},"end":{"line":18,"column":51}},"8":{"start":{"line":18,"column":36},"end":{"line":18,"column":51}},"9":{"start":{"line":19,"column":4},"end":{"line":22,"column":6}},"10":{"start":{"line":24,"column":2},"end":{"line":24,"column":12}},"11":{"start":{"line":27,"column":0},"end":{"line":38,"column":2}},"12":{"start":{"line":28,"column":47},"end":{"line":28,"column":56}},"13":{"start":{"line":29,"column":2},"end":{"line":36,"column":3}},"14":{"start":{"line":31,"column":4},"end":{"line":35,"column":6}},"15":{"start":{"line":37,"column":2},"end":{"line":37,"column":12}},"16":{"start":{"line":40,"column":0},"end":{"line":52,"column":2}},"17":{"start":{"line":41,"column":47},"end":{"line":41,"column":64}},"18":{"start":{"line":42,"column":25},"end":{"line":42,"column":63}},"19":{"start":{"line":43,"column":2},"end":{"line":50,"column":3}},"20":{"start":{"line":44,"column":4},"end":{"line":49,"column":17}},"21":{"start":{"line":51,"column":2},"end":{"line":51,"column":12}},"22":{"start":{"line":54,"column":0},"end":{"line":64,"column":2}},"23":{"start":{"line":55,"column":15},"end":{"line":55,"column":17}},"24":{"start":{"line":56,"column":2},"end":{"line":62,"column":3}},"25":{"start":{"line":57,"column":4},"end":{"line":61,"column":5}},"26":{"start":{"line":58,"column":54},"end":{"line":58,"column":73}},"27":{"start":{"line":59,"column":6},"end":{"line":59,"column":60}},"28":{"start":{"line":60,"column":6},"end":{"line":60,"column":71}},"29":{"start":{"line":60,"column":57},"end":{"line":60,"column":71}},"30":{"start":{"line":63,"column":2},"end":{"line":63,"column":16}},"31":{"start":{"line":67,"column":0},"end":{"line":137,"column":2}},"32":{"start":{"line":68,"column":22},"end":{"line":68,"column":24}},"33":{"start":{"line":69,"column":27},"end":{"line":69,"column":29}},"34":{"start":{"line":71,"column":2},"end":{"line":127,"column":3}},"35":{"start":{"line":79,"column":8},"end":{"line":79,"column":28}},"36":{"start":{"line":82,"column":4},"end":{"line":106,"column":5}},"37":{"start":{"line":83,"column":6},"end":{"line":88,"column":7}},"38":{"start":{"line":85,"column":8},"end":{"line":85,"column":44}},"39":{"start":{"line":86,"column":29},"end":{"line":86,"column":65}},"40":{"start":{"line":87,"column":8},"end":{"line":87,"column":89}},"41":{"start":{"line":94,"column":9},"end":{"line":106,"column":5}},"42":{"start":{"line":95,"column":6},"end":{"line":105,"column":7}},"43":{"start":{"line":97,"column":8},"end":{"line":97,"column":44}},"44":{"start":{"line":98,"column":29},"end":{"line":98,"column":65}},"45":{"start":{"line":103,"column":8},"end":{"line":103,"column":81}},"46":{"start":{"line":109,"column":4},"end":{"line":126,"column":5}},"47":{"start":{"line":114,"column":6},"end":{"line":125,"column":7}},"48":{"start":{"line":116,"column":8},"end":{"line":124,"column":9}},"49":{"start":{"line":118,"column":10},"end":{"line":118,"column":46}},"50":{"start":{"line":119,"column":34},"end":{"line":119,"column":87}},"51":{"start":{"line":123,"column":10},"end":{"line":123,"column":100}},"52":{"start":{"line":128,"column":2},"end":{"line":134,"column":3}},"53":{"start":{"line":129,"column":19},"end":{"line":129,"column":61}},"54":{"start":{"line":130,"column":25},"end":{"line":130,"column":46}},"55":{"start":{"line":131,"column":25},"end":{"line":131,"column":61}},"56":{"start":{"line":133,"column":4},"end":{"line":133,"column":77}},"57":{"start":{"line":136,"column":2},"end":{"line":136,"column":23}},"58":{"start":{"line":139,"column":0},"end":{"line":146,"column":2}},"59":{"start":{"line":140,"column":2},"end":{"line":145,"column":48}},"60":{"start":{"line":148,"column":0},"end":{"line":155,"column":2}},"61":{"start":{"line":149,"column":2},"end":{"line":154,"column":48}},"62":{"start":{"line":157,"column":0},"end":{"line":161,"column":2}},"63":{"start":{"line":158,"column":2},"end":{"line":160,"column":9}},"64":{"start":{"line":163,"column":0},"end":{"line":187,"column":2}},"65":{"start":{"line":164,"column":16},"end":{"line":164,"column":18}},"66":{"start":{"line":165,"column":2},"end":{"line":184,"column":3}},"67":{"start":{"line":166,"column":37},"end":{"line":166,"column":56}},"68":{"start":{"line":169,"column":6},"end":{"line":173,"column":7}},"69":{"start":{"line":172,"column":8},"end":{"line":172,"column":17}},"70":{"start":{"line":175,"column":6},"end":{"line":182,"column":7}},"71":{"start":{"line":177,"column":8},"end":{"line":177,"column":67}},"72":{"start":{"line":179,"column":8},"end":{"line":179,"column":63}},"73":{"start":{"line":180,"column":8},"end":{"line":180,"column":49}},"74":{"start":{"line":180,"column":34},"end":{"line":180,"column":49}},"75":{"start":{"line":181,"column":8},"end":{"line":181,"column":25}},"76":{"start":{"line":185,"column":2},"end":{"line":185,"column":40}},"77":{"start":{"line":185,"column":22},"end":{"line":185,"column":40}},"78":{"start":{"line":186,"column":2},"end":{"line":186,"column":17}}},"fnMap":{"0":{"name":"queries","decl":{"start":{"line":11,"column":33},"end":{"line":11,"column":40}},"loc":{"start":{"line":11,"column":63},"end":{"line":25,"column":1}},"line":11},"1":{"name":"mutations","decl":{"start":{"line":27,"column":35},"end":{"line":27,"column":44}},"loc":{"start":{"line":27,"column":67},"end":{"line":38,"column":1}},"line":27},"2":{"name":"customTypes","decl":{"start":{"line":40,"column":37},"end":{"line":40,"column":48}},"loc":{"start":{"line":40,"column":68},"end":{"line":52,"column":1}},"line":40},"3":{"name":"columns","decl":{"start":{"line":54,"column":34},"end":{"line":54,"column":41}},"loc":{"start":{"line":54,"column":76},"end":{"line":64,"column":1}},"line":54},"4":{"name":"getRelationships","decl":{"start":{"line":67,"column":43},"end":{"line":67,"column":59}},"loc":{"start":{"line":67,"column":79},"end":{"line":137,"column":1}},"line":67},"5":{"name":"create","decl":{"start":{"line":139,"column":33},"end":{"line":139,"column":39}},"loc":{"start":{"line":139,"column":85},"end":{"line":146,"column":1}},"line":139},"6":{"name":"update","decl":{"start":{"line":148,"column":33},"end":{"line":148,"column":39}},"loc":{"start":{"line":148,"column":85},"end":{"line":155,"column":1}},"line":148},"7":{"name":"destroy","decl":{"start":{"line":157,"column":34},"end":{"line":157,"column":41}},"loc":{"start":{"line":157,"column":65},"end":{"line":161,"column":1}},"line":157},"8":{"name":"addParams","decl":{"start":{"line":163,"column":37},"end":{"line":163,"column":46}},"loc":{"start":{"line":163,"column":89},"end":{"line":187,"column":1}},"line":163}},"branchMap":{"0":{"loc":{"start":{"line":15,"column":2},"end":{"line":23,"column":3}},"type":"if","locations":[{"start":{"line":15,"column":2},"end":{"line":23,"column":3}},{"start":{"line":15,"column":2},"end":{"line":23,"column":3}}],"line":15},"1":{"loc":{"start":{"line":15,"column":6},"end":{"line":15,"column":89}},"type":"binary-expr","locations":[{"start":{"line":15,"column":6},"end":{"line":15,"column":18}},{"start":{"line":15,"column":22},"end":{"line":15,"column":89}}],"line":15},"2":{"loc":{"start":{"line":18,"column":4},"end":{"line":18,"column":51}},"type":"if","locations":[{"start":{"line":18,"column":4},"end":{"line":18,"column":51}},{"start":{"line":18,"column":4},"end":{"line":18,"column":51}}],"line":18},"3":{"loc":{"start":{"line":29,"column":2},"end":{"line":36,"column":3}},"type":"if","locations":[{"start":{"line":29,"column":2},"end":{"line":36,"column":3}},{"start":{"line":29,"column":2},"end":{"line":36,"column":3}}],"line":29},"4":{"loc":{"start":{"line":29,"column":6},"end":{"line":29,"column":89}},"type":"binary-expr","locations":[{"start":{"line":29,"column":6},"end":{"line":29,"column":18}},{"start":{"line":29,"column":22},"end":{"line":29,"column":89}}],"line":29},"5":{"loc":{"start":{"line":43,"column":2},"end":{"line":50,"column":3}},"type":"if","locations":[{"start":{"line":43,"column":2},"end":{"line":50,"column":3}},{"start":{"line":43,"column":2},"end":{"line":50,"column":3}}],"line":43},"6":{"loc":{"start":{"line":43,"column":6},"end":{"line":43,"column":97}},"type":"binary-expr","locations":[{"start":{"line":43,"column":6},"end":{"line":43,"column":26}},{"start":{"line":43,"column":30},"end":{"line":43,"column":97}}],"line":43},"7":{"loc":{"start":{"line":57,"column":4},"end":{"line":61,"column":5}},"type":"if","locations":[{"start":{"line":57,"column":4},"end":{"line":61,"column":5}},{"start":{"line":57,"column":4},"end":{"line":61,"column":5}}],"line":57},"8":{"loc":{"start":{"line":57,"column":8},"end":{"line":57,"column":78}},"type":"binary-expr","locations":[{"start":{"line":57,"column":8},"end":{"line":57,"column":49}},{"start":{"line":57,"column":53},"end":{"line":57,"column":78}}],"line":57},"9":{"loc":{"start":{"line":57,"column":10},"end":{"line":57,"column":48}},"type":"binary-expr","locations":[{"start":{"line":57,"column":10},"end":{"line":57,"column":21}},{"start":{"line":57,"column":25},"end":{"line":57,"column":48}}],"line":57},"10":{"loc":{"start":{"line":60,"column":6},"end":{"line":60,"column":71}},"type":"if","locations":[{"start":{"line":60,"column":6},"end":{"line":60,"column":71}},{"start":{"line":60,"column":6},"end":{"line":60,"column":71}}],"line":60},"11":{"loc":{"start":{"line":60,"column":10},"end":{"line":60,"column":55}},"type":"binary-expr","locations":[{"start":{"line":60,"column":10},"end":{"line":60,"column":29}},{"start":{"line":60,"column":33},"end":{"line":60,"column":55}}],"line":60},"12":{"loc":{"start":{"line":82,"column":4},"end":{"line":106,"column":5}},"type":"if","locations":[{"start":{"line":82,"column":4},"end":{"line":106,"column":5}},{"start":{"line":82,"column":4},"end":{"line":106,"column":5}}],"line":82},"13":{"loc":{"start":{"line":82,"column":8},"end":{"line":82,"column":47}},"type":"binary-expr","locations":[{"start":{"line":82,"column":8},"end":{"line":82,"column":20}},{"start":{"line":82,"column":24},"end":{"line":82,"column":47}}],"line":82},"14":{"loc":{"start":{"line":83,"column":6},"end":{"line":88,"column":7}},"type":"if","locations":[{"start":{"line":83,"column":6},"end":{"line":88,"column":7}},{"start":{"line":83,"column":6},"end":{"line":88,"column":7}}],"line":83},"15":{"loc":{"start":{"line":94,"column":9},"end":{"line":106,"column":5}},"type":"if","locations":[{"start":{"line":94,"column":9},"end":{"line":106,"column":5}},{"start":{"line":94,"column":9},"end":{"line":106,"column":5}}],"line":94},"16":{"loc":{"start":{"line":95,"column":6},"end":{"line":105,"column":7}},"type":"if","locations":[{"start":{"line":95,"column":6},"end":{"line":105,"column":7}},{"start":{"line":95,"column":6},"end":{"line":105,"column":7}}],"line":95},"17":{"loc":{"start":{"line":114,"column":6},"end":{"line":125,"column":7}},"type":"if","locations":[{"start":{"line":114,"column":6},"end":{"line":125,"column":7}},{"start":{"line":114,"column":6},"end":{"line":125,"column":7}}],"line":114},"18":{"loc":{"start":{"line":116,"column":8},"end":{"line":124,"column":9}},"type":"if","locations":[{"start":{"line":116,"column":8},"end":{"line":124,"column":9}},{"start":{"line":116,"column":8},"end":{"line":124,"column":9}}],"line":116},"19":{"loc":{"start":{"line":169,"column":6},"end":{"line":173,"column":7}},"type":"if","locations":[{"start":{"line":169,"column":6},"end":{"line":173,"column":7}},{"start":{"line":169,"column":6},"end":{"line":173,"column":7}}],"line":169},"20":{"loc":{"start":{"line":169,"column":10},"end":{"line":169,"column":46}},"type":"binary-expr","locations":[{"start":{"line":169,"column":10},"end":{"line":169,"column":17}},{"start":{"line":169,"column":21},"end":{"line":169,"column":46}}],"line":169},"21":{"loc":{"start":{"line":175,"column":6},"end":{"line":182,"column":7}},"type":"if","locations":[{"start":{"line":175,"column":6},"end":{"line":182,"column":7}},{"start":{"line":175,"column":6},"end":{"line":182,"column":7}}],"line":175},"22":{"loc":{"start":{"line":175,"column":10},"end":{"line":175,"column":45}},"type":"binary-expr","locations":[{"start":{"line":175,"column":10},"end":{"line":175,"column":16}},{"start":{"line":175,"column":20},"end":{"line":175,"column":45}}],"line":175},"23":{"loc":{"start":{"line":180,"column":8},"end":{"line":180,"column":49}},"type":"if","locations":[{"start":{"line":180,"column":8},"end":{"line":180,"column":49}},{"start":{"line":180,"column":8},"end":{"line":180,"column":49}}],"line":180},"24":{"loc":{"start":{"line":185,"column":2},"end":{"line":185,"column":40}},"type":"if","locations":[{"start":{"line":185,"column":2},"end":{"line":185,"column":40}},{"start":{"line":185,"column":2},"end":{"line":185,"column":40}}],"line":185}},"s":{"0":1,"1":1,"2":0,"3":0,"4":0,"5":0,"6":0,"7":0,"8":0,"9":0,"10":0,"11":1,"12":0,"13":0,"14":0,"15":0,"16":1,"17":0,"18":0,"19":0,"20":0,"21":0,"22":1,"23":0,"24":0,"25":0,"26":0,"27":0,"28":0,"29":0,"30":0,"31":1,"32":0,"33":0,"34":0,"35":0,"36":0,"37":0,"38":0,"39":0,"40":0,"41":0,"42":0,"43":0,"44":0,"45":0,"46":0,"47":0,"48":0,"49":0,"50":0,"51":0,"52":0,"53":0,"54":0,"55":0,"56":0,"57":0,"58":1,"59":0,"60":1,"61":0,"62":1,"63":0,"64":1,"65":0,"66":0,"67":0,"68":0,"69":0,"70":0,"71":0,"72":0,"73":0,"74":0,"75":0,"76":0,"77":0,"78":0},"f":{"0":0,"1":0,"2":0,"3":0,"4":0,"5":0,"6":0,"7":0,"8":0},"b":{"0":[0,0],"1":[0,0],"2":[0,0],"3":[0,0],"4":[0,0],"5":[0,0],"6":[0,0],"7":[0,0],"8":[0,0],"9":[0,0],"10":[0,0],"11":[0,0],"12":[0,0],"13":[0,0],"14":[0,0],"15":[0,0],"16":[0,0],"17":[0,0],"18":[0,0],"19":[0,0],"20":[0,0],"21":[0,0],"22":[0,0],"23":[0,0],"24":[0,0]},"_coverageSchema":"1a1c01bbd47fc00a2c39e90264f33305004495a9","hash":"ed5bb37b38f99454f4c0dcf45e7f522bfa6d7610"}
}
