TN:
SF:client/App.tsx
FN:24,(anonymous_0)
FN:27,(anonymous_1)
FN:31,(anonymous_2)
FN:36,(anonymous_3)
FN:46,(anonymous_4)
FN:51,(anonymous_5)
FN:77,Root
FNF:7
FNH:1
FNDA:0,(anonymous_0)
FNDA:0,(anonymous_1)
FNDA:0,(anonymous_2)
FNDA:0,(anonymous_3)
FNDA:0,(anonymous_4)
FNDA:0,(anonymous_5)
FNDA:1,Root
DA:12,1
DA:24,1
DA:25,0
DA:27,0
DA:28,0
DA:31,0
DA:32,0
DA:33,0
DA:36,0
DA:37,0
DA:38,0
DA:39,0
DA:40,0
DA:41,0
DA:42,0
DA:46,0
DA:47,0
DA:51,0
DA:56,0
DA:78,1
LF:20
LH:3
BRDA:32,0,0,0
BRDA:32,0,1,0
BRDA:32,1,0,0
BRDA:32,1,1,0
BRDA:32,2,0,0
BRDA:32,2,1,0
BRDA:37,3,0,0
BRDA:37,3,1,0
BRDA:64,4,0,0
BRDA:64,4,1,0
BRDA:65,5,0,0
BRDA:65,5,1,0
BRF:12
BRH:0
end_of_record
TN:
SF:client/components/Sidebar.tsx
FN:6,(anonymous_0)
FN:8,(anonymous_1)
FN:19,(anonymous_2)
FNF:3
FNH:0
FNDA:0,(anonymous_0)
FNDA:0,(anonymous_1)
FNDA:0,(anonymous_2)
DA:6,1
DA:7,0
DA:8,0
DA:9,0
DA:10,0
DA:13,0
DA:19,0
LF:7
LH:1
BRF:0
BRH:0
end_of_record
TN:
SF:client/components/codebox.tsx
FN:9,(anonymous_0)
FNF:1
FNH:0
FNDA:0,(anonymous_0)
DA:9,1
DA:10,0
DA:12,0
LF:3
LH:1
BRF:0
BRH:0
end_of_record
TN:
SF:client/components/link-popup/Form.tsx
FN:3,(anonymous_0)
FN:22,(anonymous_1)
FN:26,(anonymous_2)
FNF:3
FNH:3
FNDA:1,(anonymous_0)
FNDA:1,(anonymous_1)
FNDA:1,(anonymous_2)
DA:3,1
DA:4,1
DA:22,1
DA:26,1
LF:4
LH:4
BRF:0
BRH:0
end_of_record
TN:
SF:client/components/link-popup/FormMySQL.tsx
FN:3,(anonymous_0)
FN:24,(anonymous_1)
FNF:2
FNH:0
FNDA:0,(anonymous_0)
FNDA:0,(anonymous_1)
DA:3,1
DA:4,0
DA:24,0
LF:3
LH:1
BRF:0
BRH:0
end_of_record
TN:
SF:client/components/link-popup/LinkContainer.tsx
FN:7,(anonymous_0)
FN:10,(anonymous_1)
FN:14,(anonymous_2)
FN:22,(anonymous_3)
FN:23,(anonymous_4)
FN:29,(anonymous_5)
FN:36,(anonymous_6)
FN:44,(anonymous_7)
FN:45,(anonymous_8)
FN:51,(anonymous_9)
FN:60,(anonymous_10)
FN:71,(anonymous_11)
FN:72,(anonymous_12)
FN:84,(anonymous_13)
FN:88,(anonymous_14)
FNF:15
FNH:0
FNDA:0,(anonymous_0)
FNDA:0,(anonymous_1)
FNDA:0,(anonymous_2)
FNDA:0,(anonymous_3)
FNDA:0,(anonymous_4)
FNDA:0,(anonymous_5)
FNDA:0,(anonymous_6)
FNDA:0,(anonymous_7)
FNDA:0,(anonymous_8)
FNDA:0,(anonymous_9)
FNDA:0,(anonymous_10)
FNDA:0,(anonymous_11)
FNDA:0,(anonymous_12)
FNDA:0,(anonymous_13)
FNDA:0,(anonymous_14)
DA:7,1
DA:8,0
DA:10,0
DA:11,0
DA:14,0
DA:15,0
DA:22,0
DA:25,0
DA:29,0
DA:30,0
DA:31,0
DA:32,0
DA:36,0
DA:37,0
DA:44,0
DA:47,0
DA:51,0
DA:52,0
DA:53,0
DA:57,0
DA:60,0
DA:61,0
DA:62,0
DA:71,0
DA:74,0
DA:84,0
DA:85,0
DA:88,0
DA:89,0
DA:92,0
LF:30
LH:1
BRDA:31,0,0,0
BRDA:31,0,1,0
BRDA:94,1,0,0
BRDA:94,1,1,0
BRF:4
BRH:0
end_of_record
TN:
SF:client/components/link-popup/Modal.tsx
FN:7,(anonymous_0)
FN:10,(anonymous_1)
FNF:2
FNH:1
FNDA:1,(anonymous_0)
FNDA:0,(anonymous_1)
DA:7,1
DA:8,1
DA:10,1
DA:11,0
DA:14,1
DA:15,1
DA:33,0
LF:7
LH:5
BRDA:11,0,0,0
BRDA:11,0,1,0
BRDA:14,1,0,1
BRDA:14,1,1,0
BRF:4
BRH:1
end_of_record
TN:
SF:client/components/nav-bars/Footer.tsx
FN:13,(anonymous_0)
FN:24,(anonymous_1)
FN:25,(anonymous_2)
FN:28,(anonymous_3)
FN:31,(anonymous_4)
FN:39,(anonymous_5)
FN:54,(anonymous_6)
FN:58,(anonymous_7)
FNF:8
FNH:0
FNDA:0,(anonymous_0)
FNDA:0,(anonymous_1)
FNDA:0,(anonymous_2)
FNDA:0,(anonymous_3)
FNDA:0,(anonymous_4)
FNDA:0,(anonymous_5)
FNDA:0,(anonymous_6)
FNDA:0,(anonymous_7)
DA:13,1
DA:14,0
DA:15,0
DA:17,0
DA:23,0
DA:24,0
DA:25,0
DA:28,1
DA:29,0
DA:31,0
DA:32,0
DA:33,0
DA:35,0
DA:36,0
DA:37,0
DA:38,0
DA:39,0
DA:40,0
DA:44,0
DA:54,0
DA:58,0
LF:21
LH:2
BRF:0
BRH:0
end_of_record
TN:
SF:client/components/nav-bars/TopNav.tsx
FN:6,(anonymous_0)
FN:7,openNav
FNF:2
FNH:0
FNDA:0,(anonymous_0)
FNDA:0,openNav
DA:6,1
DA:8,0
DA:9,0
DA:12,0
LF:4
LH:1
BRF:0
BRH:0
end_of_record
TN:
SF:client/downloadHelperFunctions/connectToDB.js
FN:1,connectToDB
FNF:1
FNH:0
FNDA:0,connectToDB
DA:2,0
DA:16,0
DA:19,1
LF:3
LH:1
BRF:0
BRH:0
end_of_record
TN:
SF:client/downloadHelperFunctions/packagejsonFile.js
FN:1,packagejsonFile
FNF:1
FNH:0
FNDA:0,packagejsonFile
DA:2,0
DA:27,0
DA:30,1
LF:3
LH:1
BRF:0
BRH:0
end_of_record
TN:
SF:client/downloadHelperFunctions/schemaFile.js
FN:1,schemaFile
FNF:1
FNH:0
FNDA:0,schemaFile
DA:2,0
DA:5,0
DA:8,1
LF:3
LH:1
BRF:0
BRH:0
end_of_record
TN:
SF:client/downloadHelperFunctions/serverFile.js
FN:1,serverFile
FNF:1
FNH:0
FNDA:0,serverFile
DA:2,0
DA:24,0
DA:27,1
LF:3
LH:1
BRF:0
BRH:0
end_of_record
TN:
SF:client/forceGraph/ForceGraph.jsx
FN:11,ForceGraph
FN:16,handleDeleteTables
FN:18,(anonymous_2)
FN:55,handleDeleteColumns
FN:105,(anonymous_4)
FN:119,runForceGraph
FN:132,(anonymous_6)
FN:133,(anonymous_7)
FN:142,(anonymous_8)
FN:147,(anonymous_9)
FN:187,(anonymous_10)
FN:195,(anonymous_11)
FN:212,(anonymous_12)
FN:221,(anonymous_13)
FN:223,(anonymous_14)
FN:235,(anonymous_15)
FN:301,(anonymous_16)
FN:315,(anonymous_17)
FN:316,(anonymous_18)
FN:327,(anonymous_19)
FN:328,(anonymous_20)
FN:340,(anonymous_21)
FN:341,(anonymous_22)
FN:343,(anonymous_23)
FN:346,(anonymous_24)
FN:347,(anonymous_25)
FN:348,(anonymous_26)
FN:349,(anonymous_27)
FN:352,(anonymous_28)
FN:353,(anonymous_29)
FN:354,(anonymous_30)
FN:355,(anonymous_31)
FN:358,(anonymous_32)
FN:358,(anonymous_33)
FN:360,(anonymous_34)
FN:360,(anonymous_35)
FN:363,(anonymous_36)
FNF:37
FNH:0
FNDA:0,ForceGraph
FNDA:0,handleDeleteTables
FNDA:0,(anonymous_2)
FNDA:0,handleDeleteColumns
FNDA:0,(anonymous_4)
FNDA:0,runForceGraph
FNDA:0,(anonymous_6)
FNDA:0,(anonymous_7)
FNDA:0,(anonymous_8)
FNDA:0,(anonymous_9)
FNDA:0,(anonymous_10)
FNDA:0,(anonymous_11)
FNDA:0,(anonymous_12)
FNDA:0,(anonymous_13)
FNDA:0,(anonymous_14)
FNDA:0,(anonymous_15)
FNDA:0,(anonymous_16)
FNDA:0,(anonymous_17)
FNDA:0,(anonymous_18)
FNDA:0,(anonymous_19)
FNDA:0,(anonymous_20)
FNDA:0,(anonymous_21)
FNDA:0,(anonymous_22)
FNDA:0,(anonymous_23)
FNDA:0,(anonymous_24)
FNDA:0,(anonymous_25)
FNDA:0,(anonymous_26)
FNDA:0,(anonymous_27)
FNDA:0,(anonymous_28)
FNDA:0,(anonymous_29)
FNDA:0,(anonymous_30)
FNDA:0,(anonymous_31)
FNDA:0,(anonymous_32)
FNDA:0,(anonymous_33)
FNDA:0,(anonymous_34)
FNDA:0,(anonymous_35)
FNDA:0,(anonymous_36)
DA:13,0
DA:14,0
DA:17,0
DA:18,0
DA:20,0
DA:21,0
DA:23,0
DA:24,0
DA:27,0
DA:29,0
DA:30,0
DA:31,0
DA:32,0
DA:33,0
DA:34,0
DA:35,0
DA:36,0
DA:37,0
DA:40,0
DA:41,0
DA:42,0
DA:43,0
DA:44,0
DA:47,0
DA:50,0
DA:51,0
DA:52,0
DA:56,0
DA:57,0
DA:58,0
DA:59,0
DA:62,0
DA:63,0
DA:64,0
DA:65,0
DA:66,0
DA:67,0
DA:71,0
DA:73,0
DA:74,0
DA:75,0
DA:76,0
DA:79,0
DA:82,0
DA:84,0
DA:86,0
DA:87,0
DA:88,0
DA:89,0
DA:92,0
DA:95,0
DA:99,0
DA:100,0
DA:101,0
DA:105,0
DA:106,0
DA:107,0
DA:108,0
DA:110,0
DA:111,0
DA:113,0
DA:115,0
DA:120,0
DA:123,0
DA:124,0
DA:125,0
DA:127,0
DA:128,0
DA:129,0
DA:132,0
DA:133,0
DA:137,0
DA:138,0
DA:139,0
DA:142,0
DA:143,0
DA:144,0
DA:147,0
DA:148,0
DA:150,0
DA:151,0
DA:158,0
DA:164,0
DA:165,0
DA:166,0
DA:168,0
DA:173,0
DA:177,0
DA:178,0
DA:179,0
DA:180,0
DA:181,0
DA:182,0
DA:183,0
DA:185,0
DA:187,0
DA:188,0
DA:189,0
DA:195,0
DA:196,0
DA:199,0
DA:203,0
DA:204,0
DA:206,0
DA:212,0
DA:221,0
DA:223,0
DA:230,0
DA:236,0
DA:240,0
DA:252,0
DA:261,0
DA:275,0
DA:295,0
DA:301,0
DA:307,0
DA:315,0
DA:316,0
DA:319,0
DA:327,0
DA:329,0
DA:339,0
DA:340,0
DA:341,0
DA:343,0
DA:345,0
DA:346,0
DA:347,0
DA:348,0
DA:349,0
DA:351,0
DA:352,0
DA:353,0
DA:354,0
DA:355,0
DA:358,0
DA:360,0
DA:363,0
DA:364,0
DA:365,0
DA:366,0
DA:367,0
DA:375,0
LF:143
LH:0
BRDA:20,0,0,0
BRDA:20,0,1,0
BRDA:21,1,0,0
BRDA:21,1,1,0
BRDA:24,2,0,0
BRDA:24,2,1,0
BRDA:30,3,0,0
BRDA:30,3,1,0
BRDA:30,4,0,0
BRDA:30,4,1,0
BRDA:36,5,0,0
BRDA:36,5,1,0
BRDA:43,6,0,0
BRDA:43,6,1,0
BRDA:43,7,0,0
BRDA:43,7,1,0
BRDA:58,8,0,0
BRDA:58,8,1,0
BRDA:63,9,0,0
BRDA:63,9,1,0
BRDA:66,10,0,0
BRDA:66,10,1,0
BRDA:71,11,0,0
BRDA:71,11,1,0
BRDA:75,12,0,0
BRDA:75,12,1,0
BRDA:84,13,0,0
BRDA:84,13,1,0
BRDA:84,14,0,0
BRDA:84,14,1,0
BRDA:88,15,0,0
BRDA:88,15,1,0
BRDA:106,16,0,0
BRDA:106,16,1,0
BRDA:111,17,0,0
BRDA:111,17,1,0
BRDA:137,18,0,0
BRDA:137,18,1,0
BRDA:148,19,0,0
BRDA:148,19,1,0
BRDA:158,20,0,0
BRDA:158,20,1,0
BRDA:159,21,0,0
BRDA:159,21,1,0
BRDA:159,21,2,0
BRDA:159,21,3,0
BRDA:164,22,0,0
BRDA:164,22,1,0
BRDA:178,23,0,0
BRDA:178,23,1,0
BRDA:223,24,0,0
BRDA:223,24,1,0
BRDA:301,25,0,0
BRDA:301,25,1,0
BRDA:315,26,0,0
BRDA:315,26,1,0
BRDA:316,27,0,0
BRDA:316,27,1,0
BRDA:316,28,0,0
BRDA:316,28,1,0
BRDA:327,29,0,0
BRDA:327,29,1,0
BRDA:329,30,0,0
BRDA:329,30,1,0
BRDA:330,31,0,0
BRDA:330,31,1,0
BRDA:333,32,0,0
BRDA:333,32,1,0
BRF:68
BRH:0
end_of_record
TN:
SF:client/forceGraph/d3DataBuilder.js
FN:1,(anonymous_0)
FN:23,(anonymous_1)
FN:33,(anonymous_2)
FN:45,(anonymous_3)
FN:68,(anonymous_4)
FNF:5
FNH:0
FNDA:0,(anonymous_0)
FNDA:0,(anonymous_1)
FNDA:0,(anonymous_2)
FNDA:0,(anonymous_3)
FNDA:0,(anonymous_4)
DA:1,1
DA:2,0
DA:3,0
DA:5,0
DA:6,0
DA:11,0
DA:20,0
DA:23,0
DA:25,0
DA:30,0
DA:33,0
DA:35,0
DA:40,0
DA:45,0
DA:46,0
DA:52,0
DA:56,0
DA:57,0
DA:59,0
DA:60,0
DA:65,0
DA:68,1
DA:69,0
DA:71,0
DA:72,0
DA:74,0
DA:78,0
DA:79,0
DA:80,0
DA:81,0
DA:82,0
DA:84,0
DA:85,0
DA:86,0
DA:91,0
DA:94,0
DA:95,0
DA:96,0
DA:97,0
DA:102,0
DA:103,0
DA:104,0
DA:105,0
DA:109,0
DA:113,0
DA:123,0
LF:46
LH:2
BRDA:56,0,0,0
BRDA:56,0,1,0
BRDA:74,1,0,0
BRDA:74,1,1,0
BRDA:75,2,0,0
BRDA:75,2,1,0
BRDA:86,3,0,0
BRDA:86,3,1,0
BRDA:87,4,0,0
BRDA:87,4,1,0
BRDA:96,5,0,0
BRDA:96,5,1,0
BRDA:104,6,0,0
BRDA:104,6,1,0
BRF:14
BRH:0
end_of_record
TN:
SF:client/forceGraph/generators/helperFunctions.js
FN:1,toPascalCase
FN:5,capitalize
FN:9,toCamelCase
FN:23,typeSet
FN:48,getPrimaryKeyType
FNF:5
FNH:0
FNDA:0,toPascalCase
FNDA:0,capitalize
FNDA:0,toCamelCase
FNDA:0,typeSet
FNDA:0,getPrimaryKeyType
DA:2,0
DA:6,0
DA:10,0
DA:11,0
DA:12,0
DA:13,0
DA:14,0
DA:15,0
DA:16,0
DA:17,0
DA:20,0
DA:24,0
DA:26,0
DA:27,0
DA:29,0
DA:30,0
DA:32,0
DA:33,0
DA:35,0
DA:36,0
DA:38,0
DA:39,0
DA:41,0
DA:42,0
DA:44,0
DA:49,0
LF:26
LH:0
BRDA:12,0,0,0
BRDA:12,0,1,0
BRDA:13,1,0,0
BRDA:13,1,1,0
BRDA:13,2,0,0
BRDA:13,2,1,0
BRDA:14,3,0,0
BRDA:14,3,1,0
BRDA:16,4,0,0
BRDA:16,4,1,0
BRDA:24,5,0,0
BRDA:24,5,1,0
BRDA:24,5,2,0
BRDA:24,5,3,0
BRDA:24,5,4,0
BRDA:24,5,5,0
BRDA:24,5,6,0
BRF:17
BRH:0
end_of_record
TN:
SF:client/forceGraph/generators/resolverGenerator.js
FN:15,(anonymous_0)
FN:19,queries
FN:23,mutations
FN:33,getRelationships
FN:94,oneToOne
FN:108,oneToMany
FN:122,manyToMany
FN:145,FKTable
FN:160,values
FN:171,column
FN:187,allColumn
FN:200,createColumn
FN:211,(anonymous_12)
FN:214,(anonymous_13)
FN:225,updateColumn
FN:240,(anonymous_15)
FN:250,deleteColumn
FNF:17
FNH:0
FNDA:0,(anonymous_0)
FNDA:0,queries
FNDA:0,mutations
FNDA:0,getRelationships
FNDA:0,oneToOne
FNDA:0,oneToMany
FNDA:0,manyToMany
FNDA:0,FKTable
FNDA:0,values
FNDA:0,column
FNDA:0,allColumn
FNDA:0,createColumn
FNDA:0,(anonymous_12)
FNDA:0,(anonymous_13)
FNDA:0,updateColumn
FNDA:0,(anonymous_15)
FNDA:0,deleteColumn
DA:11,1
DA:15,1
DA:16,0
DA:19,1
DA:20,0
DA:23,1
DA:24,0
DA:25,0
DA:26,0
DA:33,1
DA:34,0
DA:35,0
DA:36,0
DA:37,0
DA:42,0
DA:43,0
DA:45,0
DA:46,0
DA:53,0
DA:54,0
DA:61,0
DA:62,0
DA:64,0
DA:65,0
DA:66,0
DA:67,0
DA:69,0
DA:81,0
DA:82,0
DA:83,0
DA:84,0
DA:86,0
DA:87,0
DA:90,0
DA:91,0
DA:94,1
DA:95,0
DA:108,1
DA:109,0
DA:122,1
DA:131,0
DA:132,0
DA:145,1
DA:146,0
DA:147,0
DA:160,1
DA:161,0
DA:162,0
DA:164,0
DA:165,0
DA:168,0
DA:171,1
DA:172,0
DA:173,0
DA:174,0
DA:187,1
DA:188,0
DA:200,1
DA:206,0
DA:211,0
DA:214,0
DA:225,1
DA:231,0
DA:232,0
DA:233,0
DA:240,0
DA:250,1
DA:251,0
LF:68
LH:15
BRDA:35,0,0,0
BRDA:35,0,1,0
BRDA:45,1,0,0
BRDA:45,1,1,0
BRDA:45,2,0,0
BRDA:45,2,1,0
BRDA:53,3,0,0
BRDA:53,3,1,0
BRDA:62,4,0,0
BRDA:62,4,1,0
BRDA:87,5,0,0
BRDA:87,5,1,0
BRDA:164,6,0,0
BRDA:164,6,1,0
BRDA:173,7,0,0
BRDA:173,7,1,0
BRF:16
BRH:0
end_of_record
TN:
SF:client/forceGraph/generators/schemaGenerator.js
FN:5,(anonymous_0)
FNF:1
FNH:0
FNDA:0,(anonymous_0)
DA:5,1
DA:6,0
DA:7,0
DA:8,0
DA:9,0
DA:10,0
DA:11,0
DA:12,0
DA:13,0
DA:14,0
DA:15,0
DA:16,0
DA:17,0
DA:18,0
DA:19,0
DA:20,0
DA:21,0
DA:24,0
LF:18
LH:1
BRDA:18,0,0,0
BRDA:18,0,1,0
BRDA:18,1,0,0
BRDA:18,1,1,0
BRF:4
BRH:0
end_of_record
TN:
SF:client/forceGraph/generators/typeGenerator.js
FN:11,queries
FN:27,mutations
FN:40,customTypes
FN:54,columns
FN:67,getRelationships
FN:139,create
FN:148,update
FN:157,destroy
FN:163,addParams
FNF:9
FNH:0
FNDA:0,queries
FNDA:0,mutations
FNDA:0,customTypes
FNDA:0,columns
FNDA:0,getRelationships
FNDA:0,create
FNDA:0,update
FNDA:0,destroy
FNDA:0,addParams
DA:9,1
DA:11,1
DA:12,0
DA:13,0
DA:14,0
DA:15,0
DA:17,0
DA:18,0
DA:19,0
DA:24,0
DA:27,1
DA:28,0
DA:29,0
DA:31,0
DA:37,0
DA:40,1
DA:41,0
DA:42,0
DA:43,0
DA:44,0
DA:51,0
DA:54,1
DA:55,0
DA:56,0
DA:57,0
DA:58,0
DA:59,0
DA:60,0
DA:63,0
DA:67,1
DA:68,0
DA:69,0
DA:71,0
DA:79,0
DA:82,0
DA:83,0
DA:85,0
DA:86,0
DA:87,0
DA:94,0
DA:95,0
DA:97,0
DA:98,0
DA:103,0
DA:109,0
DA:114,0
DA:116,0
DA:118,0
DA:119,0
DA:123,0
DA:128,0
DA:129,0
DA:130,0
DA:131,0
DA:133,0
DA:136,0
DA:139,1
DA:140,0
DA:148,1
DA:149,0
DA:157,1
DA:158,0
DA:163,1
DA:164,0
DA:165,0
DA:166,0
DA:169,0
DA:172,0
DA:175,0
DA:177,0
DA:179,0
DA:180,0
DA:181,0
DA:185,0
DA:186,0
LF:75
LH:10
BRDA:15,0,0,0
BRDA:15,0,1,0
BRDA:15,1,0,0
BRDA:15,1,1,0
BRDA:18,2,0,0
BRDA:18,2,1,0
BRDA:29,3,0,0
BRDA:29,3,1,0
BRDA:29,4,0,0
BRDA:29,4,1,0
BRDA:43,5,0,0
BRDA:43,5,1,0
BRDA:43,6,0,0
BRDA:43,6,1,0
BRDA:57,7,0,0
BRDA:57,7,1,0
BRDA:57,8,0,0
BRDA:57,8,1,0
BRDA:57,9,0,0
BRDA:57,9,1,0
BRDA:60,10,0,0
BRDA:60,10,1,0
BRDA:60,11,0,0
BRDA:60,11,1,0
BRDA:82,12,0,0
BRDA:82,12,1,0
BRDA:82,13,0,0
BRDA:82,13,1,0
BRDA:83,14,0,0
BRDA:83,14,1,0
BRDA:94,15,0,0
BRDA:94,15,1,0
BRDA:95,16,0,0
BRDA:95,16,1,0
BRDA:114,17,0,0
BRDA:114,17,1,0
BRDA:116,18,0,0
BRDA:116,18,1,0
BRDA:169,19,0,0
BRDA:169,19,1,0
BRDA:169,20,0,0
BRDA:169,20,1,0
BRDA:175,21,0,0
BRDA:175,21,1,0
BRDA:175,22,0,0
BRDA:175,22,1,0
BRDA:180,23,0,0
BRDA:180,23,1,0
BRDA:185,24,0,0
BRDA:185,24,1,0
BRF:50
BRH:0
end_of_record
